[1212/133755.491:ERROR:directory_reader_win.cc(43)] FindFirstFile: The system cannot find the path specified. (0x3)
[1212/135353.148:ERROR:directory_reader_win.cc(43)] FindFirstFile: The system cannot find the path specified. (0x3)
[1212/135504.468:ERROR:directory_reader_win.cc(43)] FindFirstFile: The system cannot find the path specified. (0x3)
[1212/140729.816:ERROR:directory_reader_win.cc(43)] FindFirstFile: The system cannot find the path specified. (0x3)
[1212/140809.074:ERROR:directory_reader_win.cc(43)] FindFirstFile: The system cannot find the path specified. (0x3)
[1212/142651.481:ERROR:directory_reader_win.cc(43)] FindFirstFile: The system cannot find the path specified. (0x3)
[1212/164856.727:ERROR:directory_reader_win.cc(43)] FindFirstFile: The system cannot find the path specified. (0x3)
[1212/164925.084:ERROR:directory_reader_win.cc(43)] FindFirstFile: The system cannot find the path specified. (0x3)
[1212/164945.063:ERROR:directory_reader_win.cc(43)] FindFirstFile: The system cannot find the path specified. (0x3)
[1212/165239.993:ERROR:directory_reader_win.cc(43)] FindFirstFile: The system cannot find the path specified. (0x3)
[1212/165457.662:ERROR:directory_reader_win.cc(43)] FindFirstFile: The system cannot find the path specified. (0x3)
[1212/173726.970:ERROR:directory_reader_win.cc(43)] FindFirstFile: The system cannot find the path specified. (0x3)
[1212/210120.187:ERROR:directory_reader_win.cc(43)] FindFirstFile: The system cannot find the path specified. (0x3)
[1212/221948.213:ERROR:directory_reader_win.cc(43)] FindFirstFile: The system cannot find the path specified. (0x3)
[1212/230557.552:ERROR:directory_reader_win.cc(43)] FindFirstFile: The system cannot find the path specified. (0x3)
[1212/230854.134:ERROR:directory_reader_win.cc(43)] FindFirstFile: The system cannot find the path specified. (0x3)
[1212/231057.700:ERROR:directory_reader_win.cc(43)] FindFirstFile: The system cannot find the path specified. (0x3)
[1213/124126.322:ERROR:process_reader_win.cc(151)] SuspendThread: Access is denied. (0x5)
[1213/124126.322:ERROR:exception_snapshot_win.cc(99)] thread ID 22724 not found in process
[1213/124126.323:ERROR:scoped_process_suspend.cc(40)] NtResumeProcess: An attempt was made to access an exiting process. (0xc000010a)
[1213/124344.892:ERROR:process_memory_win.cc(73)] ReadMemory at 0x65b10000 of 64 bytes failed: Only part of a ReadProcessMemory or WriteProcessMemory request was completed. (0x12B)
[1213/124344.894:WARNING:pe_image_reader.cc(340)] could not read dos header from C:\windows\system32\tmumh\20019\TmMon\2.8.0.1045\tmmon64.dll
[1213/124344.894:ERROR:process_memory_win.cc(73)] ReadMemory at 0x179b67b0000 of 64 bytes failed: Only part of a ReadProcessMemory or WriteProcessMemory request was completed. (0x12B)
[1213/124344.894:WARNING:pe_image_reader.cc(340)] could not read dos header from C:\windows\System32\OLEAUT32.dll
[1213/124344.895:ERROR:process_memory_win.cc(73)] ReadMemory at 0x179b6ee0000 of 64 bytes failed: Only part of a ReadProcessMemory or WriteProcessMemory request was completed. (0x12B)
[1213/124344.895:WARNING:pe_image_reader.cc(340)] could not read dos header from C:\windows\System32\bcrypt.dll
[1213/124344.895:ERROR:process_memory_win.cc(73)] ReadMemory at 0x179b8380000 of 64 bytes failed: Only part of a ReadProcessMemory or WriteProcessMemory request was completed. (0x12B)
[1213/124344.895:WARNING:pe_image_reader.cc(340)] could not read dos header from C:\windows\System32\SHELL32.dll
[1213/124344.896:ERROR:process_memory_win.cc(73)] ReadMemory at 0x179b5f1e990 of 72 bytes failed: Only part of a ReadProcessMemory or WriteProcessMemory request was completed. (0x12B)
[1213/124344.896:WARNING:pe_image_annotations_reader.cc(135)] could not read annotations list object in C:\Program Files (x86)\Google\Chrome\Application\87.0.4280.88\chrome_elf.dll
[1213/124344.897:ERROR:process_memory_win.cc(73)] ReadMemory at 0x65b10000 of 64 bytes failed: Only part of a ReadProcessMemory or WriteProcessMemory request was completed. (0x12B)
[1213/124344.898:WARNING:pe_image_reader.cc(340)] could not read dos header from C:\windows\system32\tmumh\20019\TmMon\2.8.0.1045\tmmon64.dll
[1213/124344.898:ERROR:process_memory_win.cc(73)] ReadMemory at 0x65b10000 of 64 bytes failed: Only part of a ReadProcessMemory or WriteProcessMemory request was completed. (0x12B)
[1213/124344.898:WARNING:pe_image_reader.cc(340)] could not read dos header from C:\windows\system32\tmumh\20019\TmMon\2.8.0.1045\tmmon64.dll
[1213/124344.898:ERROR:process_memory_win.cc(73)] ReadMemory at 0x179b5fde050 of 72 bytes failed: Only part of a ReadProcessMemory or WriteProcessMemory request was completed. (0x12B)
[1213/124344.898:WARNING:pe_image_annotations_reader.cc(135)] could not read annotations list object in C:\Program Files (x86)\Google\Chrome\Application\87.0.4280.88\chrome.dll
[1213/124344.898:ERROR:process_memory_win.cc(73)] ReadMemory at 0x179b67b0000 of 64 bytes failed: Only part of a ReadProcessMemory or WriteProcessMemory request was completed. (0x12B)
[1213/124344.898:WARNING:pe_image_reader.cc(340)] could not read dos header from C:\windows\System32\OLEAUT32.dll
[1213/124344.898:ERROR:process_memory_win.cc(73)] ReadMemory at 0x179b67b0000 of 64 bytes failed: Only part of a ReadProcessMemory or WriteProcessMemory request was completed. (0x12B)
[1213/124344.898:WARNING:pe_image_reader.cc(340)] could not read dos header from C:\windows\System32\OLEAUT32.dll
[1213/124344.899:ERROR:process_memory_win.cc(73)] ReadMemory at 0x179b6ee0000 of 64 bytes failed: Only part of a ReadProcessMemory or WriteProcessMemory request was completed. (0x12B)
[1213/124344.899:WARNING:pe_image_reader.cc(340)] could not read dos header from C:\windows\System32\bcrypt.dll
[1213/124344.899:ERROR:process_memory_win.cc(73)] ReadMemory at 0x179b6ee0000 of 64 bytes failed: Only part of a ReadProcessMemory or WriteProcessMemory request was completed. (0x12B)
[1213/124344.899:WARNING:pe_image_reader.cc(340)] could not read dos header from C:\windows\System32\bcrypt.dll
[1213/124344.899:ERROR:process_memory_win.cc(73)] ReadMemory at 0x179b8380000 of 64 bytes failed: Only part of a ReadProcessMemory or WriteProcessMemory request was completed. (0x12B)
[1213/124344.899:WARNING:pe_image_reader.cc(340)] could not read dos header from C:\windows\System32\SHELL32.dll
[1213/124344.899:ERROR:process_memory_win.cc(73)] ReadMemory at 0x179b8380000 of 64 bytes failed: Only part of a ReadProcessMemory or WriteProcessMemory request was completed. (0x12B)
[1213/124344.899:WARNING:pe_image_reader.cc(340)] could not read dos header from C:\windows\System32\SHELL32.dll
[1213/124344.964:ERROR:process_memory_win.cc(73)] ReadMemory at 0x7ff6be9c0000 of 64 bytes failed: Only part of a ReadProcessMemory or WriteProcessMemory request was completed. (0x12B)
[1213/124344.964:WARNING:pe_image_reader.cc(340)] could not read dos header from C:\Program Files (x86)\Google\Chrome\Application\chrome.exe
[1213/124344.964:ERROR:process_memory_win.cc(73)] ReadMemory at 0x7ffcfc360000 of 64 bytes failed: Only part of a ReadProcessMemory or WriteProcessMemory request was completed. (0x12B)
[1213/124344.964:WARNING:pe_image_reader.cc(340)] could not read dos header from C:\windows\SYSTEM32\ntdll.dll
[1213/124344.964:ERROR:process_memory_win.cc(73)] ReadMemory at 0x7ffcfa880000 of 64 bytes failed: Only part of a ReadProcessMemory or WriteProcessMemory request was completed. (0x12B)
[1213/124344.964:WARNING:pe_image_reader.cc(340)] could not read dos header from C:\windows\System32\KERNEL32.DLL
[1213/124344.964:ERROR:process_memory_win.cc(73)] ReadMemory at 0x7ffcf9540000 of 64 bytes failed: Only part of a ReadProcessMemory or WriteProcessMemory request was completed. (0x12B)
[1213/124344.964:WARNING:pe_image_reader.cc(340)] could not read dos header from C:\windows\System32\KERNELBASE.dll
[1213/124344.964:ERROR:process_memory_win.cc(73)] ReadMemory at 0x7ffc8cee0000 of 64 bytes failed: Only part of a ReadProcessMemory or WriteProcessMemory request was completed. (0x12B)
[1213/124344.964:WARNING:pe_image_reader.cc(340)] could not read dos header from C:\Program Files (x86)\Google\Chrome\Application\87.0.4280.88\chrome_elf.dll
[1213/124344.964:ERROR:process_memory_win.cc(73)] ReadMemory at 0x7ffcf0d00000 of 64 bytes failed: Only part of a ReadProcessMemory or WriteProcessMemory request was completed. (0x12B)
[1213/124344.964:WARNING:pe_image_reader.cc(340)] could not read dos header from C:\windows\SYSTEM32\VERSION.dll
[1213/124344.964:ERROR:process_memory_win.cc(73)] ReadMemory at 0x7ffcfba10000 of 64 bytes failed: Only part of a ReadProcessMemory or WriteProcessMemory request was completed. (0x12B)
[1213/124344.964:WARNING:pe_image_reader.cc(340)] could not read dos header from C:\windows\System32\msvcrt.dll
[1213/124344.964:ERROR:process_memory_win.cc(73)] ReadMemory at 0x7ffce8670000 of 64 bytes failed: Only part of a ReadProcessMemory or WriteProcessMemory request was completed. (0x12B)
[1213/124344.964:WARNING:pe_image_reader.cc(340)] could not read dos header from C:\windows\system32\tmumh\20019\AddOn\8.53.0.1066\TmUmEvt64.dll
[1213/124344.964:ERROR:process_memory_win.cc(73)] ReadMemory at 0x7ffcfb7a0000 of 64 bytes failed: Only part of a ReadProcessMemory or WriteProcessMemory request was completed. (0x12B)
[1213/124344.964:WARNING:pe_image_reader.cc(340)] could not read dos header from C:\windows\System32\PSAPI.DLL
[1213/124344.964:ERROR:process_memory_win.cc(73)] ReadMemory at 0x7ffcfa9f0000 of 64 bytes failed: Only part of a ReadProcessMemory or WriteProcessMemory request was completed. (0x12B)
[1213/124344.964:WARNING:pe_image_reader.cc(340)] could not read dos header from C:\windows\System32\USER32.dll
[1213/124344.964:ERROR:process_memory_win.cc(73)] ReadMemory at 0x7ffcf9510000 of 64 bytes failed: Only part of a ReadProcessMemory or WriteProcessMemory request was completed. (0x12B)
[1213/124344.964:WARNING:pe_image_reader.cc(340)] could not read dos header from C:\windows\System32\win32u.dll
[1213/124344.964:ERROR:process_memory_win.cc(73)] ReadMemory at 0x7ffcfac60000 of 64 bytes failed: Only part of a ReadProcessMemory or WriteProcessMemory request was completed. (0x12B)
[1213/124344.964:WARNING:pe_image_reader.cc(340)] could not read dos header from C:\windows\System32\GDI32.dll
[1213/124344.964:ERROR:process_memory_win.cc(73)] ReadMemory at 0x7ffcf9a30000 of 64 bytes failed: Only part of a ReadProcessMemory or WriteProcessMemory request was completed. (0x12B)
[1213/124344.964:WARNING:pe_image_reader.cc(340)] could not read dos header from C:\windows\System32\gdi32full.dll
[1213/124344.964:ERROR:process_memory_win.cc(73)] ReadMemory at 0x7ffcf9840000 of 64 bytes failed: Only part of a ReadProcessMemory or WriteProcessMemory request was completed. (0x12B)
[1213/124344.964:WARNING:pe_image_reader.cc(340)] could not read dos header from C:\windows\System32\msvcp_win.dll
[1213/124344.964:ERROR:process_memory_win.cc(73)] ReadMemory at 0x7ffcf93e0000 of 64 bytes failed: Only part of a ReadProcessMemory or WriteProcessMemory request was completed. (0x12B)
[1213/124344.964:WARNING:pe_image_reader.cc(340)] could not read dos header from C:\windows\System32\ucrtbase.dll
[1213/124344.964:ERROR:process_memory_win.cc(73)] ReadMemory at 0x7ffcfbee0000 of 64 bytes failed: Only part of a ReadProcessMemory or WriteProcessMemory request was completed. (0x12B)
[1213/124344.964:WARNING:pe_image_reader.cc(340)] could not read dos header from C:\windows\System32\ADVAPI32.dll
[1213/124344.965:ERROR:process_memory_win.cc(73)] ReadMemory at 0x7ffcfb960000 of 64 bytes failed: Only part of a ReadProcessMemory or WriteProcessMemory request was completed. (0x12B)
[1213/124344.965:WARNING:pe_image_reader.cc(340)] could not read dos header from C:\windows\System32\sechost.dll
[1213/124344.965:ERROR:process_memory_win.cc(73)] ReadMemory at 0x7ffcfc0c0000 of 64 bytes failed: Only part of a ReadProcessMemory or WriteProcessMemory request was completed. (0x12B)
[1213/124344.965:WARNING:pe_image_reader.cc(340)] could not read dos header from C:\windows\System32\RPCRT4.dll
[1213/124344.965:ERROR:process_memory_win.cc(73)] ReadMemory at 0x7ffcfa9c0000 of 64 bytes failed: Only part of a ReadProcessMemory or WriteProcessMemory request was completed. (0x12B)
[1213/124344.965:WARNING:pe_image_reader.cc(340)] could not read dos header from C:\windows\System32\IMM32.DLL
[1213/124344.965:ERROR:process_memory_win.cc(73)] ReadMemory at 0x65b10000 of 64 bytes failed: Only part of a ReadProcessMemory or WriteProcessMemory request was completed. (0x12B)
[1213/124344.965:WARNING:pe_image_reader.cc(340)] could not read dos header from C:\windows\system32\tmumh\20019\TmMon\2.8.0.1045\tmmon64.dll
[1213/124344.965:ERROR:process_memory_win.cc(73)] ReadMemory at 0x7ffcfb7c0000 of 64 bytes failed: Only part of a ReadProcessMemory or WriteProcessMemory request was completed. (0x12B)
[1213/124344.965:WARNING:pe_image_reader.cc(340)] could not read dos header from C:\windows\System32\Shlwapi.dll
[1213/124344.965:ERROR:process_memory_win.cc(73)] ReadMemory at 0x7ffcfbba0000 of 64 bytes failed: Only part of a ReadProcessMemory or WriteProcessMemory request was completed. (0x12B)
[1213/124344.965:WARNING:pe_image_reader.cc(340)] could not read dos header from C:\windows\System32\combase.dll
[1213/124344.965:ERROR:process_memory_win.cc(73)] ReadMemory at 0x7ffcf9bd0000 of 64 bytes failed: Only part of a ReadProcessMemory or WriteProcessMemory request was completed. (0x12B)
[1213/124344.965:WARNING:pe_image_reader.cc(340)] could not read dos header from C:\windows\System32\bcryptPrimitives.dll
[1213/124344.965:ERROR:process_memory_win.cc(73)] ReadMemory at 0x7ffc7ae50000 of 64 bytes failed: Only part of a ReadProcessMemory or WriteProcessMemory request was completed. (0x12B)
[1213/124344.965:WARNING:pe_image_reader.cc(340)] could not read dos header from C:\Program Files (x86)\Google\Chrome\Application\87.0.4280.88\chrome.dll
[1213/124344.965:ERROR:process_memory_win.cc(73)] ReadMemory at 0x7ffcfbab0000 of 64 bytes failed: Only part of a ReadProcessMemory or WriteProcessMemory request was completed. (0x12B)
[1213/124344.965:WARNING:pe_image_reader.cc(340)] could not read dos header from C:\windows\System32\WS2_32.dll
[1213/124344.965:ERROR:process_memory_win.cc(73)] ReadMemory at 0x179b67b0000 of 64 bytes failed: Only part of a ReadProcessMemory or WriteProcessMemory request was completed. (0x12B)
[1213/124344.965:WARNING:pe_image_reader.cc(340)] could not read dos header from C:\windows\System32\OLEAUT32.dll
[1213/124344.965:ERROR:process_memory_win.cc(73)] ReadMemory at 0x7ffcf9380000 of 64 bytes failed: Only part of a ReadProcessMemory or WriteProcessMemory request was completed. (0x12B)
[1213/124344.965:WARNING:pe_image_reader.cc(340)] could not read dos header from C:\windows\System32\WINTRUST.dll
[1213/124344.965:ERROR:process_memory_win.cc(73)] ReadMemory at 0x7ffcf9240000 of 64 bytes failed: Only part of a ReadProcessMemory or WriteProcessMemory request was completed. (0x12B)
[1213/124344.965:WARNING:pe_image_reader.cc(340)] could not read dos header from C:\windows\System32\MSASN1.dll
[1213/124344.965:ERROR:process_memory_win.cc(73)] ReadMemory at 0x7ffcf98e0000 of 64 bytes failed: Only part of a ReadProcessMemory or WriteProcessMemory request was completed. (0x12B)
[1213/124344.965:WARNING:pe_image_reader.cc(340)] could not read dos header from C:\windows\System32\CRYPT32.dll
[1213/124344.965:ERROR:process_memory_win.cc(73)] ReadMemory at 0x7ffcf4250000 of 64 bytes failed: Only part of a ReadProcessMemory or WriteProcessMemory request was completed. (0x12B)
[1213/124344.965:WARNING:pe_image_reader.cc(340)] could not read dos header from C:\windows\SYSTEM32\dbghelp.dll
[1213/124344.965:ERROR:process_memory_win.cc(73)] ReadMemory at 0x7ffcf8700000 of 64 bytes failed: Only part of a ReadProcessMemory or WriteProcessMemory request was completed. (0x12B)
[1213/124344.965:WARNING:pe_image_reader.cc(340)] could not read dos header from C:\windows\SYSTEM32\IPHLPAPI.DLL
[1213/124344.965:ERROR:process_memory_win.cc(73)] ReadMemory at 0x7ffce3740000 of 64 bytes failed: Only part of a ReadProcessMemory or WriteProcessMemory request was completed. (0x12B)
[1213/124344.965:WARNING:pe_image_reader.cc(340)] could not read dos header from C:\windows\SYSTEM32\WINMM.dll
[1213/124344.965:ERROR:process_memory_win.cc(73)] ReadMemory at 0x7ffcacc30000 of 64 bytes failed: Only part of a ReadProcessMemory or WriteProcessMemory request was completed. (0x12B)
[1213/124344.966:WARNING:pe_image_reader.cc(340)] could not read dos header from C:\windows\SYSTEM32\UIAutomationCore.DLL
[1213/124344.966:ERROR:process_memory_win.cc(73)] ReadMemory at 0x7ffce26a0000 of 64 bytes failed: Only part of a ReadProcessMemory or WriteProcessMemory request was completed. (0x12B)
[1213/124344.966:WARNING:pe_image_reader.cc(340)] could not read dos header from C:\windows\SYSTEM32\Secur32.dll
[1213/124344.966:ERROR:process_memory_win.cc(73)] ReadMemory at 0x7ffcf9120000 of 64 bytes failed: Only part of a ReadProcessMemory or WriteProcessMemory request was completed. (0x12B)
[1213/124344.966:WARNING:pe_image_reader.cc(340)] could not read dos header from C:\windows\SYSTEM32\USERENV.dll
[1213/124344.966:ERROR:process_memory_win.cc(73)] ReadMemory at 0x7ffcf9210000 of 64 bytes failed: Only part of a ReadProcessMemory or WriteProcessMemory request was completed. (0x12B)
[1213/124344.966:WARNING:pe_image_reader.cc(340)] could not read dos header from C:\windows\System32\profapi.dll
[1213/124344.966:ERROR:process_memory_win.cc(73)] ReadMemory at 0x7ffcd6fe0000 of 64 bytes failed: Only part of a ReadProcessMemory or WriteProcessMemory request was completed. (0x12B)
[1213/124344.966:WARNING:pe_image_reader.cc(340)] could not read dos header from C:\windows\SYSTEM32\DWrite.dll
[1213/124344.966:ERROR:process_memory_win.cc(73)] ReadMemory at 0x7ffccc4d0000 of 64 bytes failed: Only part of a ReadProcessMemory or WriteProcessMemory request was completed. (0x12B)
[1213/124344.966:WARNING:pe_image_reader.cc(340)] could not read dos header from C:\windows\SYSTEM32\WINSPOOL.DRV
[1213/124344.966:ERROR:process_memory_win.cc(73)] ReadMemory at 0x7ffcf92b0000 of 64 bytes failed: Only part of a ReadProcessMemory or WriteProcessMemory request was completed. (0x12B)
[1213/124344.966:WARNING:pe_image_reader.cc(340)] could not read dos header from C:\windows\System32\kernel.appcore.dll
[1213/124344.966:ERROR:process_memory_win.cc(73)] ReadMemory at 0x179b6ee0000 of 64 bytes failed: Only part of a ReadProcessMemory or WriteProcessMemory request was completed. (0x12B)
[1213/124344.966:WARNING:pe_image_reader.cc(340)] could not read dos header from C:\windows\System32\bcrypt.dll
[1213/124344.966:ERROR:process_memory_win.cc(73)] ReadMemory at 0x7ffce8bd0000 of 64 bytes failed: Only part of a ReadProcessMemory or WriteProcessMemory request was completed. (0x12B)
[1213/124344.966:WARNING:pe_image_reader.cc(340)] could not read dos header from C:\windows\SYSTEM32\WINHTTP.dll
[1213/124344.966:ERROR:process_memory_win.cc(73)] ReadMemory at 0x7ffcedbc0000 of 64 bytes failed: Only part of a ReadProcessMemory or WriteProcessMemory request was completed. (0x12B)
[1213/124344.966:WARNING:pe_image_reader.cc(340)] could not read dos header from C:\windows\SYSTEM32\dhcpcsvc.DLL
[1213/124344.966:ERROR:process_memory_win.cc(73)] ReadMemory at 0x7ffcfba00000 of 64 bytes failed: Only part of a ReadProcessMemory or WriteProcessMemory request was completed. (0x12B)
[1213/124344.966:WARNING:pe_image_reader.cc(340)] could not read dos header from C:\windows\System32\NSI.dll
[1213/124344.966:ERROR:process_memory_win.cc(73)] ReadMemory at 0x7ffce3710000 of 64 bytes failed: Only part of a ReadProcessMemory or WriteProcessMemory request was completed. (0x12B)
[1213/124344.966:WARNING:pe_image_reader.cc(340)] could not read dos header from C:\windows\SYSTEM32\WINMMBASE.dll
[1213/124344.966:ERROR:process_memory_win.cc(73)] ReadMemory at 0x7ffcf97f0000 of 64 bytes failed: Only part of a ReadProcessMemory or WriteProcessMemory request was completed. (0x12B)
[1213/124344.966:WARNING:pe_image_reader.cc(340)] could not read dos header from C:\windows\System32\cfgmgr32.dll
[1213/124344.966:ERROR:process_memory_win.cc(73)] ReadMemory at 0x7ffcf1ff0000 of 64 bytes failed: Only part of a ReadProcessMemory or WriteProcessMemory request was completed. (0x12B)
[1213/124344.966:WARNING:pe_image_reader.cc(340)] could not read dos header from C:\windows\SYSTEM32\PROPSYS.dll
[1213/124344.966:ERROR:process_memory_win.cc(73)] ReadMemory at 0x7ffcfb6f0000 of 64 bytes failed: Only part of a ReadProcessMemory or WriteProcessMemory request was completed. (0x12B)
[1213/124344.966:WARNING:pe_image_reader.cc(340)] could not read dos header from C:\windows\System32\shcore.dll
[1213/124344.966:ERROR:process_memory_win.cc(73)] ReadMemory at 0x7ffcf90e0000 of 64 bytes failed: Only part of a ReadProcessMemory or WriteProcessMemory request was completed. (0x12B)
[1213/124344.966:WARNING:pe_image_reader.cc(340)] could not read dos header from C:\windows\SYSTEM32\SSPICLI.DLL
[1213/124344.966:ERROR:process_memory_win.cc(73)] ReadMemory at 0x179b8380000 of 64 bytes failed: Only part of a ReadProcessMemory or WriteProcessMemory request was completed. (0x12B)
[1213/124344.966:WARNING:pe_image_reader.cc(340)] could not read dos header from C:\windows\System32\SHELL32.dll
[1213/124344.966:ERROR:process_memory_win.cc(73)] ReadMemory at 0x7ffcf9c80000 of 64 bytes failed: Only part of a ReadProcessMemory or WriteProcessMemory request was completed. (0x12B)
[1213/124344.966:WARNING:pe_image_reader.cc(340)] could not read dos header from C:\windows\System32\windows.storage.dll
[1213/124344.966:ERROR:process_memory_win.cc(73)] ReadMemory at 0x7ffcf9260000 of 64 bytes failed: Only part of a ReadProcessMemory or WriteProcessMemory request was completed. (0x12B)
[1213/124344.966:WARNING:pe_image_reader.cc(340)] could not read dos header from C:\windows\System32\powrprof.dll
[1213/124344.966:ERROR:process_memory_win.cc(73)] ReadMemory at 0x7ffcf9200000 of 64 bytes failed: Only part of a ReadProcessMemory or WriteProcessMemory request was completed. (0x12B)
[1213/124344.966:WARNING:pe_image_reader.cc(340)] could not read dos header from C:\windows\System32\UMPDC.dll
[1213/124344.967:ERROR:process_memory_win.cc(73)] ReadMemory at 0x7ffcf9c60000 of 64 bytes failed: Only part of a ReadProcessMemory or WriteProcessMemory request was completed. (0x12B)
[1213/124344.967:WARNING:pe_image_reader.cc(340)] could not read dos header from C:\windows\System32\cryptsp.dll
[1213/124344.967:ERROR:process_memory_win.cc(73)] ReadMemory at 0x7ffcf8bc0000 of 64 bytes failed: Only part of a ReadProcessMemory or WriteProcessMemory request was completed. (0x12B)
[1213/124344.967:WARNING:pe_image_reader.cc(340)] could not read dos header from C:\windows\SYSTEM32\CRYPTBASE.DLL
[1213/124344.971:ERROR:process_memory_win.cc(73)] ReadMemory at 0x7ff6be9c0000 of 64 bytes failed: Only part of a ReadProcessMemory or WriteProcessMemory request was completed. (0x12B)
[1213/124344.971:WARNING:pe_image_reader.cc(340)] could not read dos header from C:\Program Files (x86)\Google\Chrome\Application\chrome.exe
[1213/124344.971:ERROR:process_memory_win.cc(73)] ReadMemory at 0x7ffcfc360000 of 64 bytes failed: Only part of a ReadProcessMemory or WriteProcessMemory request was completed. (0x12B)
[1213/124344.971:WARNING:pe_image_reader.cc(340)] could not read dos header from C:\windows\SYSTEM32\ntdll.dll
[1213/124344.971:ERROR:process_memory_win.cc(73)] ReadMemory at 0x7ffcfa880000 of 64 bytes failed: Only part of a ReadProcessMemory or WriteProcessMemory request was completed. (0x12B)
[1213/124344.971:WARNING:pe_image_reader.cc(340)] could not read dos header from C:\windows\System32\KERNEL32.DLL
[1213/124344.971:ERROR:process_memory_win.cc(73)] ReadMemory at 0x7ffcf9540000 of 64 bytes failed: Only part of a ReadProcessMemory or WriteProcessMemory request was completed. (0x12B)
[1213/124344.971:WARNING:pe_image_reader.cc(340)] could not read dos header from C:\windows\System32\KERNELBASE.dll
[1213/124344.971:ERROR:process_memory_win.cc(73)] ReadMemory at 0x7ffc8cee0000 of 64 bytes failed: Only part of a ReadProcessMemory or WriteProcessMemory request was completed. (0x12B)
[1213/124344.971:WARNING:pe_image_reader.cc(340)] could not read dos header from C:\Program Files (x86)\Google\Chrome\Application\87.0.4280.88\chrome_elf.dll
[1213/124344.971:ERROR:process_memory_win.cc(73)] ReadMemory at 0x7ffcf0d00000 of 64 bytes failed: Only part of a ReadProcessMemory or WriteProcessMemory request was completed. (0x12B)
[1213/124344.971:WARNING:pe_image_reader.cc(340)] could not read dos header from C:\windows\SYSTEM32\VERSION.dll
[1213/124344.971:ERROR:process_memory_win.cc(73)] ReadMemory at 0x7ffcfba10000 of 64 bytes failed: Only part of a ReadProcessMemory or WriteProcessMemory request was completed. (0x12B)
[1213/124344.971:WARNING:pe_image_reader.cc(340)] could not read dos header from C:\windows\System32\msvcrt.dll
[1213/124344.971:ERROR:process_memory_win.cc(73)] ReadMemory at 0x7ffce8670000 of 64 bytes failed: Only part of a ReadProcessMemory or WriteProcessMemory request was completed. (0x12B)
[1213/124344.971:WARNING:pe_image_reader.cc(340)] could not read dos header from C:\windows\system32\tmumh\20019\AddOn\8.53.0.1066\TmUmEvt64.dll
[1213/124344.971:ERROR:process_memory_win.cc(73)] ReadMemory at 0x7ffcfb7a0000 of 64 bytes failed: Only part of a ReadProcessMemory or WriteProcessMemory request was completed. (0x12B)
[1213/124344.971:WARNING:pe_image_reader.cc(340)] could not read dos header from C:\windows\System32\PSAPI.DLL
[1213/124344.971:ERROR:process_memory_win.cc(73)] ReadMemory at 0x7ffcfa9f0000 of 64 bytes failed: Only part of a ReadProcessMemory or WriteProcessMemory request was completed. (0x12B)
[1213/124344.971:WARNING:pe_image_reader.cc(340)] could not read dos header from C:\windows\System32\USER32.dll
[1213/124344.971:ERROR:process_memory_win.cc(73)] ReadMemory at 0x7ffcf9510000 of 64 bytes failed: Only part of a ReadProcessMemory or WriteProcessMemory request was completed. (0x12B)
[1213/124344.971:WARNING:pe_image_reader.cc(340)] could not read dos header from C:\windows\System32\win32u.dll
[1213/124344.971:ERROR:process_memory_win.cc(73)] ReadMemory at 0x7ffcfac60000 of 64 bytes failed: Only part of a ReadProcessMemory or WriteProcessMemory request was completed. (0x12B)
[1213/124344.971:WARNING:pe_image_reader.cc(340)] could not read dos header from C:\windows\System32\GDI32.dll
[1213/124344.972:ERROR:process_memory_win.cc(73)] ReadMemory at 0x7ffcf9a30000 of 64 bytes failed: Only part of a ReadProcessMemory or WriteProcessMemory request was completed. (0x12B)
[1213/124344.972:WARNING:pe_image_reader.cc(340)] could not read dos header from C:\windows\System32\gdi32full.dll
[1213/124344.972:ERROR:process_memory_win.cc(73)] ReadMemory at 0x7ffcf9840000 of 64 bytes failed: Only part of a ReadProcessMemory or WriteProcessMemory request was completed. (0x12B)
[1213/124344.972:WARNING:pe_image_reader.cc(340)] could not read dos header from C:\windows\System32\msvcp_win.dll
[1213/124344.972:ERROR:process_memory_win.cc(73)] ReadMemory at 0x7ffcf93e0000 of 64 bytes failed: Only part of a ReadProcessMemory or WriteProcessMemory request was completed. (0x12B)
[1213/124344.972:WARNING:pe_image_reader.cc(340)] could not read dos header from C:\windows\System32\ucrtbase.dll
[1213/124344.972:ERROR:process_memory_win.cc(73)] ReadMemory at 0x7ffcfbee0000 of 64 bytes failed: Only part of a ReadProcessMemory or WriteProcessMemory request was completed. (0x12B)
[1213/124344.972:WARNING:pe_image_reader.cc(340)] could not read dos header from C:\windows\System32\ADVAPI32.dll
[1213/124344.972:ERROR:process_memory_win.cc(73)] ReadMemory at 0x7ffcfb960000 of 64 bytes failed: Only part of a ReadProcessMemory or WriteProcessMemory request was completed. (0x12B)
[1213/124344.972:WARNING:pe_image_reader.cc(340)] could not read dos header from C:\windows\System32\sechost.dll
[1213/124344.972:ERROR:process_memory_win.cc(73)] ReadMemory at 0x7ffcfc0c0000 of 64 bytes failed: Only part of a ReadProcessMemory or WriteProcessMemory request was completed. (0x12B)
[1213/124344.972:WARNING:pe_image_reader.cc(340)] could not read dos header from C:\windows\System32\RPCRT4.dll
[1213/124344.972:ERROR:process_memory_win.cc(73)] ReadMemory at 0x7ffcfa9c0000 of 64 bytes failed: Only part of a ReadProcessMemory or WriteProcessMemory request was completed. (0x12B)
[1213/124344.972:WARNING:pe_image_reader.cc(340)] could not read dos header from C:\windows\System32\IMM32.DLL
[1213/124344.972:ERROR:process_memory_win.cc(73)] ReadMemory at 0x65b10000 of 64 bytes failed: Only part of a ReadProcessMemory or WriteProcessMemory request was completed. (0x12B)
[1213/124344.972:WARNING:pe_image_reader.cc(340)] could not read dos header from C:\windows\system32\tmumh\20019\TmMon\2.8.0.1045\tmmon64.dll
[1213/124344.972:ERROR:process_memory_win.cc(73)] ReadMemory at 0x7ffcfb7c0000 of 64 bytes failed: Only part of a ReadProcessMemory or WriteProcessMemory request was completed. (0x12B)
[1213/124344.972:WARNING:pe_image_reader.cc(340)] could not read dos header from C:\windows\System32\Shlwapi.dll
[1213/124344.972:ERROR:process_memory_win.cc(73)] ReadMemory at 0x7ffcfbba0000 of 64 bytes failed: Only part of a ReadProcessMemory or WriteProcessMemory request was completed. (0x12B)
[1213/124344.972:WARNING:pe_image_reader.cc(340)] could not read dos header from C:\windows\System32\combase.dll
[1213/124344.972:ERROR:process_memory_win.cc(73)] ReadMemory at 0x7ffcf9bd0000 of 64 bytes failed: Only part of a ReadProcessMemory or WriteProcessMemory request was completed. (0x12B)
[1213/124344.972:WARNING:pe_image_reader.cc(340)] could not read dos header from C:\windows\System32\bcryptPrimitives.dll
[1213/124344.972:ERROR:process_memory_win.cc(73)] ReadMemory at 0x7ffc7ae50000 of 64 bytes failed: Only part of a ReadProcessMemory or WriteProcessMemory request was completed. (0x12B)
[1213/124344.972:WARNING:pe_image_reader.cc(340)] could not read dos header from C:\Program Files (x86)\Google\Chrome\Application\87.0.4280.88\chrome.dll
[1213/124344.972:ERROR:process_memory_win.cc(73)] ReadMemory at 0x7ffcfbab0000 of 64 bytes failed: Only part of a ReadProcessMemory or WriteProcessMemory request was completed. (0x12B)
[1213/124344.972:WARNING:pe_image_reader.cc(340)] could not read dos header from C:\windows\System32\WS2_32.dll
[1213/124344.972:ERROR:process_memory_win.cc(73)] ReadMemory at 0x179b67b0000 of 64 bytes failed: Only part of a ReadProcessMemory or WriteProcessMemory request was completed. (0x12B)
[1213/124344.972:WARNING:pe_image_reader.cc(340)] could not read dos header from C:\windows\System32\OLEAUT32.dll
[1213/124344.972:ERROR:process_memory_win.cc(73)] ReadMemory at 0x7ffcf9380000 of 64 bytes failed: Only part of a ReadProcessMemory or WriteProcessMemory request was completed. (0x12B)
[1213/124344.972:WARNING:pe_image_reader.cc(340)] could not read dos header from C:\windows\System32\WINTRUST.dll
[1213/124344.972:ERROR:process_memory_win.cc(73)] ReadMemory at 0x7ffcf9240000 of 64 bytes failed: Only part of a ReadProcessMemory or WriteProcessMemory request was completed. (0x12B)
[1213/124344.972:WARNING:pe_image_reader.cc(340)] could not read dos header from C:\windows\System32\MSASN1.dll
[1213/124344.972:ERROR:process_memory_win.cc(73)] ReadMemory at 0x7ffcf98e0000 of 64 bytes failed: Only part of a ReadProcessMemory or WriteProcessMemory request was completed. (0x12B)
[1213/124344.972:WARNING:pe_image_reader.cc(340)] could not read dos header from C:\windows\System32\CRYPT32.dll
[1213/124344.972:ERROR:process_memory_win.cc(73)] ReadMemory at 0x7ffcf4250000 of 64 bytes failed: Only part of a ReadProcessMemory or WriteProcessMemory request was completed. (0x12B)
[1213/124344.972:WARNING:pe_image_reader.cc(340)] could not read dos header from C:\windows\SYSTEM32\dbghelp.dll
[1213/124344.972:ERROR:process_memory_win.cc(73)] ReadMemory at 0x7ffcf8700000 of 64 bytes failed: Only part of a ReadProcessMemory or WriteProcessMemory request was completed. (0x12B)
[1213/124344.972:WARNING:pe_image_reader.cc(340)] could not read dos header from C:\windows\SYSTEM32\IPHLPAPI.DLL
[1213/124344.972:ERROR:process_memory_win.cc(73)] ReadMemory at 0x7ffce3740000 of 64 bytes failed: Only part of a ReadProcessMemory or WriteProcessMemory request was completed. (0x12B)
[1213/124344.973:WARNING:pe_image_reader.cc(340)] could not read dos header from C:\windows\SYSTEM32\WINMM.dll
[1213/124344.973:ERROR:process_memory_win.cc(73)] ReadMemory at 0x7ffcacc30000 of 64 bytes failed: Only part of a ReadProcessMemory or WriteProcessMemory request was completed. (0x12B)
[1213/124344.973:WARNING:pe_image_reader.cc(340)] could not read dos header from C:\windows\SYSTEM32\UIAutomationCore.DLL
[1213/124344.973:ERROR:process_memory_win.cc(73)] ReadMemory at 0x7ffce26a0000 of 64 bytes failed: Only part of a ReadProcessMemory or WriteProcessMemory request was completed. (0x12B)
[1213/124344.973:WARNING:pe_image_reader.cc(340)] could not read dos header from C:\windows\SYSTEM32\Secur32.dll
[1213/124344.973:ERROR:process_memory_win.cc(73)] ReadMemory at 0x7ffcf9120000 of 64 bytes failed: Only part of a ReadProcessMemory or WriteProcessMemory request was completed. (0x12B)
[1213/124344.973:WARNING:pe_image_reader.cc(340)] could not read dos header from C:\windows\SYSTEM32\USERENV.dll
[1213/124344.973:ERROR:process_memory_win.cc(73)] ReadMemory at 0x7ffcf9210000 of 64 bytes failed: Only part of a ReadProcessMemory or WriteProcessMemory request was completed. (0x12B)
[1213/124344.973:WARNING:pe_image_reader.cc(340)] could not read dos header from C:\windows\System32\profapi.dll
[1213/124344.973:ERROR:process_memory_win.cc(73)] ReadMemory at 0x7ffcd6fe0000 of 64 bytes failed: Only part of a ReadProcessMemory or WriteProcessMemory request was completed. (0x12B)
[1213/124344.973:WARNING:pe_image_reader.cc(340)] could not read dos header from C:\windows\SYSTEM32\DWrite.dll
[1213/124344.973:ERROR:process_memory_win.cc(73)] ReadMemory at 0x7ffccc4d0000 of 64 bytes failed: Only part of a ReadProcessMemory or WriteProcessMemory request was completed. (0x12B)
[1213/124344.973:WARNING:pe_image_reader.cc(340)] could not read dos header from C:\windows\SYSTEM32\WINSPOOL.DRV
[1213/124344.973:ERROR:process_memory_win.cc(73)] ReadMemory at 0x7ffcf92b0000 of 64 bytes failed: Only part of a ReadProcessMemory or WriteProcessMemory request was completed. (0x12B)
[1213/124344.973:WARNING:pe_image_reader.cc(340)] could not read dos header from C:\windows\System32\kernel.appcore.dll
[1213/124344.973:ERROR:process_memory_win.cc(73)] ReadMemory at 0x179b6ee0000 of 64 bytes failed: Only part of a ReadProcessMemory or WriteProcessMemory request was completed. (0x12B)
[1213/124344.973:WARNING:pe_image_reader.cc(340)] could not read dos header from C:\windows\System32\bcrypt.dll
[1213/124344.973:ERROR:process_memory_win.cc(73)] ReadMemory at 0x7ffce8bd0000 of 64 bytes failed: Only part of a ReadProcessMemory or WriteProcessMemory request was completed. (0x12B)
[1213/124344.973:WARNING:pe_image_reader.cc(340)] could not read dos header from C:\windows\SYSTEM32\WINHTTP.dll
[1213/124344.973:ERROR:process_memory_win.cc(73)] ReadMemory at 0x7ffcedbc0000 of 64 bytes failed: Only part of a ReadProcessMemory or WriteProcessMemory request was completed. (0x12B)
[1213/124344.973:WARNING:pe_image_reader.cc(340)] could not read dos header from C:\windows\SYSTEM32\dhcpcsvc.DLL
[1213/124344.973:ERROR:process_memory_win.cc(73)] ReadMemory at 0x7ffcfba00000 of 64 bytes failed: Only part of a ReadProcessMemory or WriteProcessMemory request was completed. (0x12B)
[1213/124344.973:WARNING:pe_image_reader.cc(340)] could not read dos header from C:\windows\System32\NSI.dll
[1213/124344.973:ERROR:process_memory_win.cc(73)] ReadMemory at 0x7ffce3710000 of 64 bytes failed: Only part of a ReadProcessMemory or WriteProcessMemory request was completed. (0x12B)
[1213/124344.973:WARNING:pe_image_reader.cc(340)] could not read dos header from C:\windows\SYSTEM32\WINMMBASE.dll
[1213/124344.973:ERROR:process_memory_win.cc(73)] ReadMemory at 0x7ffcf97f0000 of 64 bytes failed: Only part of a ReadProcessMemory or WriteProcessMemory request was completed. (0x12B)
[1213/124344.973:WARNING:pe_image_reader.cc(340)] could not read dos header from C:\windows\System32\cfgmgr32.dll
[1213/124344.973:ERROR:process_memory_win.cc(73)] ReadMemory at 0x7ffcf1ff0000 of 64 bytes failed: Only part of a ReadProcessMemory or WriteProcessMemory request was completed. (0x12B)
[1213/124344.973:WARNING:pe_image_reader.cc(340)] could not read dos header from C:\windows\SYSTEM32\PROPSYS.dll
[1213/124344.973:ERROR:process_memory_win.cc(73)] ReadMemory at 0x7ffcfb6f0000 of 64 bytes failed: Only part of a ReadProcessMemory or WriteProcessMemory request was completed. (0x12B)
[1213/124344.973:WARNING:pe_image_reader.cc(340)] could not read dos header from C:\windows\System32\shcore.dll
[1213/124344.973:ERROR:process_memory_win.cc(73)] ReadMemory at 0x7ffcf90e0000 of 64 bytes failed: Only part of a ReadProcessMemory or WriteProcessMemory request was completed. (0x12B)
[1213/124344.973:WARNING:pe_image_reader.cc(340)] could not read dos header from C:\windows\SYSTEM32\SSPICLI.DLL
[1213/124344.973:ERROR:process_memory_win.cc(73)] ReadMemory at 0x179b8380000 of 64 bytes failed: Only part of a ReadProcessMemory or WriteProcessMemory request was completed. (0x12B)
[1213/124344.973:WARNING:pe_image_reader.cc(340)] could not read dos header from C:\windows\System32\SHELL32.dll
[1213/124344.973:ERROR:process_memory_win.cc(73)] ReadMemory at 0x7ffcf9c80000 of 64 bytes failed: Only part of a ReadProcessMemory or WriteProcessMemory request was completed. (0x12B)
[1213/124344.973:WARNING:pe_image_reader.cc(340)] could not read dos header from C:\windows\System32\windows.storage.dll
[1213/124344.974:ERROR:process_memory_win.cc(73)] ReadMemory at 0x7ffcf9260000 of 64 bytes failed: Only part of a ReadProcessMemory or WriteProcessMemory request was completed. (0x12B)
[1213/124344.974:WARNING:pe_image_reader.cc(340)] could not read dos header from C:\windows\System32\powrprof.dll
[1213/124344.974:ERROR:process_memory_win.cc(73)] ReadMemory at 0x7ffcf9200000 of 64 bytes failed: Only part of a ReadProcessMemory or WriteProcessMemory request was completed. (0x12B)
[1213/124344.974:WARNING:pe_image_reader.cc(340)] could not read dos header from C:\windows\System32\UMPDC.dll
[1213/124344.974:ERROR:process_memory_win.cc(73)] ReadMemory at 0x7ffcf9c60000 of 64 bytes failed: Only part of a ReadProcessMemory or WriteProcessMemory request was completed. (0x12B)
[1213/124344.974:WARNING:pe_image_reader.cc(340)] could not read dos header from C:\windows\System32\cryptsp.dll
[1213/124344.974:ERROR:process_memory_win.cc(73)] ReadMemory at 0x7ffcf8bc0000 of 64 bytes failed: Only part of a ReadProcessMemory or WriteProcessMemory request was completed. (0x12B)
[1213/124344.974:WARNING:pe_image_reader.cc(340)] could not read dos header from C:\windows\SYSTEM32\CRYPTBASE.DLL
[1213/124344.974:ERROR:process_memory_win.cc(73)] ReadMemory at 0x7ff6be9c0000 of 64 bytes failed: Only part of a ReadProcessMemory or WriteProcessMemory request was completed. (0x12B)
[1213/124344.974:WARNING:pe_image_reader.cc(340)] could not read dos header from C:\Program Files (x86)\Google\Chrome\Application\chrome.exe
[1213/124344.974:ERROR:process_memory_win.cc(73)] ReadMemory at 0x7ffcfc360000 of 64 bytes failed: Only part of a ReadProcessMemory or WriteProcessMemory request was completed. (0x12B)
[1213/124344.974:WARNING:pe_image_reader.cc(340)] could not read dos header from C:\windows\SYSTEM32\ntdll.dll
[1213/124344.974:ERROR:process_memory_win.cc(73)] ReadMemory at 0x7ffcfa880000 of 64 bytes failed: Only part of a ReadProcessMemory or WriteProcessMemory request was completed. (0x12B)
[1213/124344.974:WARNING:pe_image_reader.cc(340)] could not read dos header from C:\windows\System32\KERNEL32.DLL
[1213/124344.974:ERROR:process_memory_win.cc(73)] ReadMemory at 0x7ffcf9540000 of 64 bytes failed: Only part of a ReadProcessMemory or WriteProcessMemory request was completed. (0x12B)
[1213/124344.974:WARNING:pe_image_reader.cc(340)] could not read dos header from C:\windows\System32\KERNELBASE.dll
[1213/124344.974:ERROR:process_memory_win.cc(73)] ReadMemory at 0x7ffc8cee0000 of 64 bytes failed: Only part of a ReadProcessMemory or WriteProcessMemory request was completed. (0x12B)
[1213/124344.974:WARNING:pe_image_reader.cc(340)] could not read dos header from C:\Program Files (x86)\Google\Chrome\Application\87.0.4280.88\chrome_elf.dll
[1213/124344.974:ERROR:process_memory_win.cc(73)] ReadMemory at 0x7ffcf0d00000 of 64 bytes failed: Only part of a ReadProcessMemory or WriteProcessMemory request was completed. (0x12B)
[1213/124344.974:WARNING:pe_image_reader.cc(340)] could not read dos header from C:\windows\SYSTEM32\VERSION.dll
[1213/124344.974:ERROR:process_memory_win.cc(73)] ReadMemory at 0x7ffcfba10000 of 64 bytes failed: Only part of a ReadProcessMemory or WriteProcessMemory request was completed. (0x12B)
[1213/124344.974:WARNING:pe_image_reader.cc(340)] could not read dos header from C:\windows\System32\msvcrt.dll
[1213/124344.974:ERROR:process_memory_win.cc(73)] ReadMemory at 0x7ffce8670000 of 64 bytes failed: Only part of a ReadProcessMemory or WriteProcessMemory request was completed. (0x12B)
[1213/124344.974:WARNING:pe_image_reader.cc(340)] could not read dos header from C:\windows\system32\tmumh\20019\AddOn\8.53.0.1066\TmUmEvt64.dll
[1213/124344.974:ERROR:process_memory_win.cc(73)] ReadMemory at 0x7ffcfb7a0000 of 64 bytes failed: Only part of a ReadProcessMemory or WriteProcessMemory request was completed. (0x12B)
[1213/124344.974:WARNING:pe_image_reader.cc(340)] could not read dos header from C:\windows\System32\PSAPI.DLL
[1213/124344.974:ERROR:process_memory_win.cc(73)] ReadMemory at 0x7ffcfa9f0000 of 64 bytes failed: Only part of a ReadProcessMemory or WriteProcessMemory request was completed. (0x12B)
[1213/124344.974:WARNING:pe_image_reader.cc(340)] could not read dos header from C:\windows\System32\USER32.dll
[1213/124344.974:ERROR:process_memory_win.cc(73)] ReadMemory at 0x7ffcf9510000 of 64 bytes failed: Only part of a ReadProcessMemory or WriteProcessMemory request was completed. (0x12B)
[1213/124344.974:WARNING:pe_image_reader.cc(340)] could not read dos header from C:\windows\System32\win32u.dll
[1213/124344.974:ERROR:process_memory_win.cc(73)] ReadMemory at 0x7ffcfac60000 of 64 bytes failed: Only part of a ReadProcessMemory or WriteProcessMemory request was completed. (0x12B)
[1213/124344.974:WARNING:pe_image_reader.cc(340)] could not read dos header from C:\windows\System32\GDI32.dll
[1213/124344.974:ERROR:process_memory_win.cc(73)] ReadMemory at 0x7ffcf9a30000 of 64 bytes failed: Only part of a ReadProcessMemory or WriteProcessMemory request was completed. (0x12B)
[1213/124344.974:WARNING:pe_image_reader.cc(340)] could not read dos header from C:\windows\System32\gdi32full.dll
[1213/124344.974:ERROR:process_memory_win.cc(73)] ReadMemory at 0x7ffcf9840000 of 64 bytes failed: Only part of a ReadProcessMemory or WriteProcessMemory request was completed. (0x12B)
[1213/124344.974:WARNING:pe_image_reader.cc(340)] could not read dos header from C:\windows\System32\msvcp_win.dll
[1213/124344.974:ERROR:process_memory_win.cc(73)] ReadMemory at 0x7ffcf93e0000 of 64 bytes failed: Only part of a ReadProcessMemory or WriteProcessMemory request was completed. (0x12B)
[1213/124344.974:WARNING:pe_image_reader.cc(340)] could not read dos header from C:\windows\System32\ucrtbase.dll
[1213/124344.974:ERROR:process_memory_win.cc(73)] ReadMemory at 0x7ffcfbee0000 of 64 bytes failed: Only part of a ReadProcessMemory or WriteProcessMemory request was completed. (0x12B)
[1213/124344.974:WARNING:pe_image_reader.cc(340)] could not read dos header from C:\windows\System32\ADVAPI32.dll
[1213/124344.975:ERROR:process_memory_win.cc(73)] ReadMemory at 0x7ffcfb960000 of 64 bytes failed: Only part of a ReadProcessMemory or WriteProcessMemory request was completed. (0x12B)
[1213/124344.975:WARNING:pe_image_reader.cc(340)] could not read dos header from C:\windows\System32\sechost.dll
[1213/124344.975:ERROR:process_memory_win.cc(73)] ReadMemory at 0x7ffcfc0c0000 of 64 bytes failed: Only part of a ReadProcessMemory or WriteProcessMemory request was completed. (0x12B)
[1213/124344.975:WARNING:pe_image_reader.cc(340)] could not read dos header from C:\windows\System32\RPCRT4.dll
[1213/124344.975:ERROR:process_memory_win.cc(73)] ReadMemory at 0x7ffcfa9c0000 of 64 bytes failed: Only part of a ReadProcessMemory or WriteProcessMemory request was completed. (0x12B)
[1213/124344.975:WARNING:pe_image_reader.cc(340)] could not read dos header from C:\windows\System32\IMM32.DLL
[1213/124344.975:ERROR:process_memory_win.cc(73)] ReadMemory at 0x65b10000 of 64 bytes failed: Only part of a ReadProcessMemory or WriteProcessMemory request was completed. (0x12B)
[1213/124344.975:WARNING:pe_image_reader.cc(340)] could not read dos header from C:\windows\system32\tmumh\20019\TmMon\2.8.0.1045\tmmon64.dll
[1213/124344.975:ERROR:process_memory_win.cc(73)] ReadMemory at 0x7ffcfb7c0000 of 64 bytes failed: Only part of a ReadProcessMemory or WriteProcessMemory request was completed. (0x12B)
[1213/124344.975:WARNING:pe_image_reader.cc(340)] could not read dos header from C:\windows\System32\Shlwapi.dll
[1213/124344.975:ERROR:process_memory_win.cc(73)] ReadMemory at 0x7ffcfbba0000 of 64 bytes failed: Only part of a ReadProcessMemory or WriteProcessMemory request was completed. (0x12B)
[1213/124344.975:WARNING:pe_image_reader.cc(340)] could not read dos header from C:\windows\System32\combase.dll
[1213/124344.975:ERROR:process_memory_win.cc(73)] ReadMemory at 0x7ffcf9bd0000 of 64 bytes failed: Only part of a ReadProcessMemory or WriteProcessMemory request was completed. (0x12B)
[1213/124344.975:WARNING:pe_image_reader.cc(340)] could not read dos header from C:\windows\System32\bcryptPrimitives.dll
[1213/124344.975:ERROR:process_memory_win.cc(73)] ReadMemory at 0x7ffc7ae50000 of 64 bytes failed: Only part of a ReadProcessMemory or WriteProcessMemory request was completed. (0x12B)
[1213/124344.975:WARNING:pe_image_reader.cc(340)] could not read dos header from C:\Program Files (x86)\Google\Chrome\Application\87.0.4280.88\chrome.dll
[1213/124344.975:ERROR:process_memory_win.cc(73)] ReadMemory at 0x7ffcfbab0000 of 64 bytes failed: Only part of a ReadProcessMemory or WriteProcessMemory request was completed. (0x12B)
[1213/124344.975:WARNING:pe_image_reader.cc(340)] could not read dos header from C:\windows\System32\WS2_32.dll
[1213/124344.975:ERROR:process_memory_win.cc(73)] ReadMemory at 0x179b67b0000 of 64 bytes failed: Only part of a ReadProcessMemory or WriteProcessMemory request was completed. (0x12B)
[1213/124344.975:WARNING:pe_image_reader.cc(340)] could not read dos header from C:\windows\System32\OLEAUT32.dll
[1213/124344.975:ERROR:process_memory_win.cc(73)] ReadMemory at 0x7ffcf9380000 of 64 bytes failed: Only part of a ReadProcessMemory or WriteProcessMemory request was completed. (0x12B)
[1213/124344.975:WARNING:pe_image_reader.cc(340)] could not read dos header from C:\windows\System32\WINTRUST.dll
[1213/124344.975:ERROR:process_memory_win.cc(73)] ReadMemory at 0x7ffcf9240000 of 64 bytes failed: Only part of a ReadProcessMemory or WriteProcessMemory request was completed. (0x12B)
[1213/124344.975:WARNING:pe_image_reader.cc(340)] could not read dos header from C:\windows\System32\MSASN1.dll
[1213/124344.975:ERROR:process_memory_win.cc(73)] ReadMemory at 0x7ffcf98e0000 of 64 bytes failed: Only part of a ReadProcessMemory or WriteProcessMemory request was completed. (0x12B)
[1213/124344.975:WARNING:pe_image_reader.cc(340)] could not read dos header from C:\windows\System32\CRYPT32.dll
[1213/124344.975:ERROR:process_memory_win.cc(73)] ReadMemory at 0x7ffcf4250000 of 64 bytes failed: Only part of a ReadProcessMemory or WriteProcessMemory request was completed. (0x12B)
[1213/124344.975:WARNING:pe_image_reader.cc(340)] could not read dos header from C:\windows\SYSTEM32\dbghelp.dll
[1213/124344.975:ERROR:process_memory_win.cc(73)] ReadMemory at 0x7ffcf8700000 of 64 bytes failed: Only part of a ReadProcessMemory or WriteProcessMemory request was completed. (0x12B)
[1213/124344.975:WARNING:pe_image_reader.cc(340)] could not read dos header from C:\windows\SYSTEM32\IPHLPAPI.DLL
[1213/124344.975:ERROR:process_memory_win.cc(73)] ReadMemory at 0x7ffce3740000 of 64 bytes failed: Only part of a ReadProcessMemory or WriteProcessMemory request was completed. (0x12B)
[1213/124344.975:WARNING:pe_image_reader.cc(340)] could not read dos header from C:\windows\SYSTEM32\WINMM.dll
[1213/124344.975:ERROR:process_memory_win.cc(73)] ReadMemory at 0x7ffcacc30000 of 64 bytes failed: Only part of a ReadProcessMemory or WriteProcessMemory request was completed. (0x12B)
[1213/124344.975:WARNING:pe_image_reader.cc(340)] could not read dos header from C:\windows\SYSTEM32\UIAutomationCore.DLL
[1213/124344.975:ERROR:process_memory_win.cc(73)] ReadMemory at 0x7ffce26a0000 of 64 bytes failed: Only part of a ReadProcessMemory or WriteProcessMemory request was completed. (0x12B)
[1213/124344.975:WARNING:pe_image_reader.cc(340)] could not read dos header from C:\windows\SYSTEM32\Secur32.dll
[1213/124344.975:ERROR:process_memory_win.cc(73)] ReadMemory at 0x7ffcf9120000 of 64 bytes failed: Only part of a ReadProcessMemory or WriteProcessMemory request was completed. (0x12B)
[1213/124344.975:WARNING:pe_image_reader.cc(340)] could not read dos header from C:\windows\SYSTEM32\USERENV.dll
[1213/124344.976:ERROR:process_memory_win.cc(73)] ReadMemory at 0x7ffcf9210000 of 64 bytes failed: Only part of a ReadProcessMemory or WriteProcessMemory request was completed. (0x12B)
[1213/124344.976:WARNING:pe_image_reader.cc(340)] could not read dos header from C:\windows\System32\profapi.dll
[1213/124344.976:ERROR:process_memory_win.cc(73)] ReadMemory at 0x7ffcd6fe0000 of 64 bytes failed: Only part of a ReadProcessMemory or WriteProcessMemory request was completed. (0x12B)
[1213/124344.976:WARNING:pe_image_reader.cc(340)] could not read dos header from C:\windows\SYSTEM32\DWrite.dll
[1213/124344.976:ERROR:process_memory_win.cc(73)] ReadMemory at 0x7ffccc4d0000 of 64 bytes failed: Only part of a ReadProcessMemory or WriteProcessMemory request was completed. (0x12B)
[1213/124344.976:WARNING:pe_image_reader.cc(340)] could not read dos header from C:\windows\SYSTEM32\WINSPOOL.DRV
[1213/124344.976:ERROR:process_memory_win.cc(73)] ReadMemory at 0x7ffcf92b0000 of 64 bytes failed: Only part of a ReadProcessMemory or WriteProcessMemory request was completed. (0x12B)
[1213/124344.976:WARNING:pe_image_reader.cc(340)] could not read dos header from C:\windows\System32\kernel.appcore.dll
[1213/124344.976:ERROR:process_memory_win.cc(73)] ReadMemory at 0x179b6ee0000 of 64 bytes failed: Only part of a ReadProcessMemory or WriteProcessMemory request was completed. (0x12B)
[1213/124344.976:WARNING:pe_image_reader.cc(340)] could not read dos header from C:\windows\System32\bcrypt.dll
[1213/124344.976:ERROR:process_memory_win.cc(73)] ReadMemory at 0x7ffce8bd0000 of 64 bytes failed: Only part of a ReadProcessMemory or WriteProcessMemory request was completed. (0x12B)
[1213/124344.976:WARNING:pe_image_reader.cc(340)] could not read dos header from C:\windows\SYSTEM32\WINHTTP.dll
[1213/124344.976:ERROR:process_memory_win.cc(73)] ReadMemory at 0x7ffcedbc0000 of 64 bytes failed: Only part of a ReadProcessMemory or WriteProcessMemory request was completed. (0x12B)
[1213/124344.976:WARNING:pe_image_reader.cc(340)] could not read dos header from C:\windows\SYSTEM32\dhcpcsvc.DLL
[1213/124344.976:ERROR:process_memory_win.cc(73)] ReadMemory at 0x7ffcfba00000 of 64 bytes failed: Only part of a ReadProcessMemory or WriteProcessMemory request was completed. (0x12B)
[1213/124344.976:WARNING:pe_image_reader.cc(340)] could not read dos header from C:\windows\System32\NSI.dll
[1213/124344.976:ERROR:process_memory_win.cc(73)] ReadMemory at 0x7ffce3710000 of 64 bytes failed: Only part of a ReadProcessMemory or WriteProcessMemory request was completed. (0x12B)
[1213/124344.976:WARNING:pe_image_reader.cc(340)] could not read dos header from C:\windows\SYSTEM32\WINMMBASE.dll
[1213/124344.976:ERROR:process_memory_win.cc(73)] ReadMemory at 0x7ffcf97f0000 of 64 bytes failed: Only part of a ReadProcessMemory or WriteProcessMemory request was completed. (0x12B)
[1213/124344.976:WARNING:pe_image_reader.cc(340)] could not read dos header from C:\windows\System32\cfgmgr32.dll
[1213/124344.976:ERROR:process_memory_win.cc(73)] ReadMemory at 0x7ffcf1ff0000 of 64 bytes failed: Only part of a ReadProcessMemory or WriteProcessMemory request was completed. (0x12B)
[1213/124344.976:WARNING:pe_image_reader.cc(340)] could not read dos header from C:\windows\SYSTEM32\PROPSYS.dll
[1213/124344.976:ERROR:process_memory_win.cc(73)] ReadMemory at 0x7ffcfb6f0000 of 64 bytes failed: Only part of a ReadProcessMemory or WriteProcessMemory request was completed. (0x12B)
[1213/124344.976:WARNING:pe_image_reader.cc(340)] could not read dos header from C:\windows\System32\shcore.dll
[1213/124344.976:ERROR:process_memory_win.cc(73)] ReadMemory at 0x7ffcf90e0000 of 64 bytes failed: Only part of a ReadProcessMemory or WriteProcessMemory request was completed. (0x12B)
[1213/124344.976:WARNING:pe_image_reader.cc(340)] could not read dos header from C:\windows\SYSTEM32\SSPICLI.DLL
[1213/124344.976:ERROR:process_memory_win.cc(73)] ReadMemory at 0x179b8380000 of 64 bytes failed: Only part of a ReadProcessMemory or WriteProcessMemory request was completed. (0x12B)
[1213/124344.976:WARNING:pe_image_reader.cc(340)] could not read dos header from C:\windows\System32\SHELL32.dll
[1213/124344.976:ERROR:process_memory_win.cc(73)] ReadMemory at 0x7ffcf9c80000 of 64 bytes failed: Only part of a ReadProcessMemory or WriteProcessMemory request was completed. (0x12B)
[1213/124344.976:WARNING:pe_image_reader.cc(340)] could not read dos header from C:\windows\System32\windows.storage.dll
[1213/124344.976:ERROR:process_memory_win.cc(73)] ReadMemory at 0x7ffcf9260000 of 64 bytes failed: Only part of a ReadProcessMemory or WriteProcessMemory request was completed. (0x12B)
[1213/124344.976:WARNING:pe_image_reader.cc(340)] could not read dos header from C:\windows\System32\powrprof.dll
[1213/124344.976:ERROR:process_memory_win.cc(73)] ReadMemory at 0x7ffcf9200000 of 64 bytes failed: Only part of a ReadProcessMemory or WriteProcessMemory request was completed. (0x12B)
[1213/124344.976:WARNING:pe_image_reader.cc(340)] could not read dos header from C:\windows\System32\UMPDC.dll
[1213/124344.976:ERROR:process_memory_win.cc(73)] ReadMemory at 0x7ffcf9c60000 of 64 bytes failed: Only part of a ReadProcessMemory or WriteProcessMemory request was completed. (0x12B)
[1213/124344.976:WARNING:pe_image_reader.cc(340)] could not read dos header from C:\windows\System32\cryptsp.dll
[1213/124344.976:ERROR:process_memory_win.cc(73)] ReadMemory at 0x7ffcf8bc0000 of 64 bytes failed: Only part of a ReadProcessMemory or WriteProcessMemory request was completed. (0x12B)
[1213/124344.976:WARNING:pe_image_reader.cc(340)] could not read dos header from C:\windows\SYSTEM32\CRYPTBASE.DLL
[1213/124344.984:ERROR:process_memory_win.cc(73)] ReadMemory at 0x7942fe0000 of 131072 bytes failed: Only part of a ReadProcessMemory or WriteProcessMemory request was completed. (0x12B)
[1213/124344.984:ERROR:process_memory_win.cc(73)] ReadMemory at 0x79437fe000 of 8192 bytes failed: Only part of a ReadProcessMemory or WriteProcessMemory request was completed. (0x12B)
[1213/124344.984:ERROR:process_memory_win.cc(73)] ReadMemory at 0x7943ffe000 of 8192 bytes failed: Only part of a ReadProcessMemory or WriteProcessMemory request was completed. (0x12B)
[1213/124344.984:ERROR:process_memory_win.cc(73)] ReadMemory at 0x79447fe000 of 8192 bytes failed: Only part of a ReadProcessMemory or WriteProcessMemory request was completed. (0x12B)
[1213/124344.985:ERROR:process_memory_win.cc(73)] ReadMemory at 0x79457fe000 of 8192 bytes failed: Only part of a ReadProcessMemory or WriteProcessMemory request was completed. (0x12B)
[1213/124344.985:ERROR:process_memory_win.cc(73)] ReadMemory at 0x79467fd000 of 12288 bytes failed: Only part of a ReadProcessMemory or WriteProcessMemory request was completed. (0x12B)
[1213/124344.985:ERROR:process_memory_win.cc(73)] ReadMemory at 0x7946ffe000 of 8192 bytes failed: Only part of a ReadProcessMemory or WriteProcessMemory request was completed. (0x12B)
[1213/124344.985:ERROR:process_memory_win.cc(73)] ReadMemory at 0x79477fe000 of 8192 bytes failed: Only part of a ReadProcessMemory or WriteProcessMemory request was completed. (0x12B)
[1213/124344.985:ERROR:process_memory_win.cc(73)] ReadMemory at 0x7947ffc000 of 16384 bytes failed: Only part of a ReadProcessMemory or WriteProcessMemory request was completed. (0x12B)
[1213/124344.985:ERROR:process_memory_win.cc(73)] ReadMemory at 0x79487fe000 of 8192 bytes failed: Only part of a ReadProcessMemory or WriteProcessMemory request was completed. (0x12B)
[1213/124344.985:ERROR:process_memory_win.cc(73)] ReadMemory at 0x7948ffc000 of 16384 bytes failed: Only part of a ReadProcessMemory or WriteProcessMemory request was completed. (0x12B)
[1213/124344.985:ERROR:process_memory_win.cc(73)] ReadMemory at 0x79497fd000 of 12288 bytes failed: Only part of a ReadProcessMemory or WriteProcessMemory request was completed. (0x12B)
[1213/124344.985:ERROR:process_memory_win.cc(73)] ReadMemory at 0x7949ffd000 of 12288 bytes failed: Only part of a ReadProcessMemory or WriteProcessMemory request was completed. (0x12B)
[1213/124344.985:ERROR:process_memory_win.cc(73)] ReadMemory at 0x794a7fe000 of 8192 bytes failed: Only part of a ReadProcessMemory or WriteProcessMemory request was completed. (0x12B)
[1213/124344.985:ERROR:process_memory_win.cc(73)] ReadMemory at 0x794b7f7000 of 36864 bytes failed: Only part of a ReadProcessMemory or WriteProcessMemory request was completed. (0x12B)
[1213/124344.985:ERROR:process_memory_win.cc(73)] ReadMemory at 0x794c7fd000 of 12288 bytes failed: Only part of a ReadProcessMemory or WriteProcessMemory request was completed. (0x12B)
[1213/124344.985:ERROR:process_memory_win.cc(73)] ReadMemory at 0x7942717000 of 852 bytes failed: Only part of a ReadProcessMemory or WriteProcessMemory request was completed. (0x12B)
[1213/124344.985:ERROR:process_memory_win.cc(73)] ReadMemory at 0x7942718000 of 6024 bytes failed: Only part of a ReadProcessMemory or WriteProcessMemory request was completed. (0x12B)
[1213/124344.985:ERROR:process_memory_win.cc(73)] ReadMemory at 0x794271a000 of 6024 bytes failed: Only part of a ReadProcessMemory or WriteProcessMemory request was completed. (0x12B)
[1213/124344.986:ERROR:process_memory_win.cc(73)] ReadMemory at 0x794271c000 of 6024 bytes failed: Only part of a ReadProcessMemory or WriteProcessMemory request was completed. (0x12B)
[1213/124344.986:ERROR:process_memory_win.cc(73)] ReadMemory at 0x794271e000 of 6024 bytes failed: Only part of a ReadProcessMemory or WriteProcessMemory request was completed. (0x12B)
[1213/124344.986:ERROR:process_memory_win.cc(73)] ReadMemory at 0x7942722000 of 6024 bytes failed: Only part of a ReadProcessMemory or WriteProcessMemory request was completed. (0x12B)
[1213/124344.986:ERROR:process_memory_win.cc(73)] ReadMemory at 0x7942726000 of 6024 bytes failed: Only part of a ReadProcessMemory or WriteProcessMemory request was completed. (0x12B)
[1213/124344.986:ERROR:process_memory_win.cc(73)] ReadMemory at 0x7942728000 of 6024 bytes failed: Only part of a ReadProcessMemory or WriteProcessMemory request was completed. (0x12B)
[1213/124344.986:ERROR:process_memory_win.cc(73)] ReadMemory at 0x794272a000 of 6024 bytes failed: Only part of a ReadProcessMemory or WriteProcessMemory request was completed. (0x12B)
[1213/124344.986:ERROR:process_memory_win.cc(73)] ReadMemory at 0x794272c000 of 6024 bytes failed: Only part of a ReadProcessMemory or WriteProcessMemory request was completed. (0x12B)
[1213/124344.986:ERROR:process_memory_win.cc(73)] ReadMemory at 0x794272e000 of 6024 bytes failed: Only part of a ReadProcessMemory or WriteProcessMemory request was completed. (0x12B)
[1213/124344.986:ERROR:process_memory_win.cc(73)] ReadMemory at 0x7942730000 of 6024 bytes failed: Only part of a ReadProcessMemory or WriteProcessMemory request was completed. (0x12B)
[1213/124344.986:ERROR:process_memory_win.cc(73)] ReadMemory at 0x7942732000 of 6024 bytes failed: Only part of a ReadProcessMemory or WriteProcessMemory request was completed. (0x12B)
[1213/124344.986:ERROR:process_memory_win.cc(73)] ReadMemory at 0x7942734000 of 6024 bytes failed: Only part of a ReadProcessMemory or WriteProcessMemory request was completed. (0x12B)
[1213/124344.986:ERROR:process_memory_win.cc(73)] ReadMemory at 0x7942736000 of 6024 bytes failed: Only part of a ReadProcessMemory or WriteProcessMemory request was completed. (0x12B)
[1213/124344.986:ERROR:process_memory_win.cc(73)] ReadMemory at 0x794273a000 of 6024 bytes failed: Only part of a ReadProcessMemory or WriteProcessMemory request was completed. (0x12B)
[1213/124344.986:ERROR:process_memory_win.cc(73)] ReadMemory at 0x794273e000 of 6024 bytes failed: Only part of a ReadProcessMemory or WriteProcessMemory request was completed. (0x12B)
[1213/124344.986:ERROR:process_memory_win.cc(73)] ReadMemory at 0x179b5f10fe0 of 11876 bytes failed: Only part of a ReadProcessMemory or WriteProcessMemory request was completed. (0x12B)
[1213/124344.986:ERROR:process_memory_win.cc(73)] ReadMemory at 0x179b5f13e50 of 1012 bytes failed: Only part of a ReadProcessMemory or WriteProcessMemory request was completed. (0x12B)
[1213/124344.986:ERROR:process_memory_win.cc(73)] ReadMemory at 0x179b5f14498 of 118 bytes failed: Only part of a ReadProcessMemory or WriteProcessMemory request was completed. (0x12B)
[1213/124344.986:ERROR:process_memory_win.cc(73)] ReadMemory at 0x179b5f14510 of 1144 bytes failed: Only part of a ReadProcessMemory or WriteProcessMemory request was completed. (0x12B)
[1213/124344.987:ERROR:process_memory_win.cc(73)] ReadMemory at 0x179b5f1498a of 118 bytes failed: Only part of a ReadProcessMemory or WriteProcessMemory request was completed. (0x12B)
[1213/124344.987:ERROR:process_memory_win.cc(73)] ReadMemory at 0x179b5f14a02 of 96 bytes failed: Only part of a ReadProcessMemory or WriteProcessMemory request was completed. (0x12B)
[1213/124344.987:ERROR:process_memory_win.cc(73)] ReadMemory at 0x179b5f14a70 of 58 bytes failed: Only part of a ReadProcessMemory or WriteProcessMemory request was completed. (0x12B)
[1213/124344.987:ERROR:process_memory_win.cc(73)] ReadMemory at 0x179b5f14b70 of 132 bytes failed: Only part of a ReadProcessMemory or WriteProcessMemory request was completed. (0x12B)
[1213/124344.987:ERROR:process_memory_win.cc(73)] ReadMemory at 0x179b5f14d00 of 132 bytes failed: Only part of a ReadProcessMemory or WriteProcessMemory request was completed. (0x12B)
[1213/124344.987:ERROR:process_memory_win.cc(73)] ReadMemory at 0x179b5f14ec0 of 124 bytes failed: Only part of a ReadProcessMemory or WriteProcessMemory request was completed. (0x12B)
[1213/124344.987:ERROR:process_memory_win.cc(73)] ReadMemory at 0x179b5f153c0 of 132 bytes failed: Only part of a ReadProcessMemory or WriteProcessMemory request was completed. (0x12B)
[1213/124344.987:ERROR:process_memory_win.cc(73)] ReadMemory at 0x179b5f15550 of 64 bytes failed: Only part of a ReadProcessMemory or WriteProcessMemory request was completed. (0x12B)
[1213/124344.987:ERROR:process_memory_win.cc(73)] ReadMemory at 0x179b5f15710 of 132 bytes failed: Only part of a ReadProcessMemory or WriteProcessMemory request was completed. (0x12B)
[1213/124344.987:ERROR:process_memory_win.cc(73)] ReadMemory at 0x179b5f159b0 of 132 bytes failed: Only part of a ReadProcessMemory or WriteProcessMemory request was completed. (0x12B)
[1213/124344.987:ERROR:process_memory_win.cc(73)] ReadMemory at 0x179b5f15b40 of 68 bytes failed: Only part of a ReadProcessMemory or WriteProcessMemory request was completed. (0x12B)
[1213/124344.987:ERROR:process_memory_win.cc(73)] ReadMemory at 0x179b5f16cd0 of 132 bytes failed: Only part of a ReadProcessMemory or WriteProcessMemory request was completed. (0x12B)
[1213/124344.987:ERROR:process_memory_win.cc(73)] ReadMemory at 0x179b5f16e60 of 152 bytes failed: Only part of a ReadProcessMemory or WriteProcessMemory request was completed. (0x12B)
[1213/124344.987:ERROR:process_memory_win.cc(73)] ReadMemory at 0x179b5f17b30 of 62 bytes failed: Only part of a ReadProcessMemory or WriteProcessMemory request was completed. (0x12B)
[1213/124344.987:ERROR:process_memory_win.cc(73)] ReadMemory at 0x179b5f17b80 of 132 bytes failed: Only part of a ReadProcessMemory or WriteProcessMemory request was completed. (0x12B)
[1213/124344.987:ERROR:process_memory_win.cc(73)] ReadMemory at 0x179b5f17d20 of 132 bytes failed: Only part of a ReadProcessMemory or WriteProcessMemory request was completed. (0x12B)
[1213/124344.987:ERROR:process_memory_win.cc(73)] ReadMemory at 0x179b5f17e50 of 60 bytes failed: Only part of a ReadProcessMemory or WriteProcessMemory request was completed. (0x12B)
[1213/124344.987:ERROR:process_memory_win.cc(73)] ReadMemory at 0x179b5f1e850 of 64 bytes failed: Only part of a ReadProcessMemory or WriteProcessMemory request was completed. (0x12B)
[1213/124344.987:ERROR:process_memory_win.cc(73)] ReadMemory at 0x179b5f1e9e0 of 66 bytes failed: Only part of a ReadProcessMemory or WriteProcessMemory request was completed. (0x12B)
[1213/124344.988:ERROR:process_memory_win.cc(73)] ReadMemory at 0x179b5f1ea80 of 62 bytes failed: Only part of a ReadProcessMemory or WriteProcessMemory request was completed. (0x12B)
[1213/124344.988:ERROR:process_memory_win.cc(73)] ReadMemory at 0x179b5f1eb20 of 58 bytes failed: Only part of a ReadProcessMemory or WriteProcessMemory request was completed. (0x12B)
[1213/124344.988:ERROR:process_memory_win.cc(73)] ReadMemory at 0x179b5f1eb70 of 60 bytes failed: Only part of a ReadProcessMemory or WriteProcessMemory request was completed. (0x12B)
[1213/124344.988:ERROR:process_memory_win.cc(73)] ReadMemory at 0x179b5f1ebc0 of 66 bytes failed: Only part of a ReadProcessMemory or WriteProcessMemory request was completed. (0x12B)
[1213/124344.988:ERROR:process_memory_win.cc(73)] ReadMemory at 0x179b5f1ec10 of 60 bytes failed: Only part of a ReadProcessMemory or WriteProcessMemory request was completed. (0x12B)
[1213/124344.988:ERROR:process_memory_win.cc(73)] ReadMemory at 0x179b5f1ed50 of 58 bytes failed: Only part of a ReadProcessMemory or WriteProcessMemory request was completed. (0x12B)
[1213/124344.988:ERROR:process_memory_win.cc(73)] ReadMemory at 0x179b5f1eda0 of 58 bytes failed: Only part of a ReadProcessMemory or WriteProcessMemory request was completed. (0x12B)
[1213/124344.988:ERROR:process_memory_win.cc(73)] ReadMemory at 0x179b5f1ee40 of 64 bytes failed: Only part of a ReadProcessMemory or WriteProcessMemory request was completed. (0x12B)
[1213/124344.988:ERROR:process_memory_win.cc(73)] ReadMemory at 0x179b5f1ee90 of 60 bytes failed: Only part of a ReadProcessMemory or WriteProcessMemory request was completed. (0x12B)
[1213/124344.988:ERROR:process_memory_win.cc(73)] ReadMemory at 0x179b5f1f88a of 512 bytes failed: Only part of a ReadProcessMemory or WriteProcessMemory request was completed. (0x12B)
[1213/124344.988:ERROR:process_memory_win.cc(73)] ReadMemory at 0x179b5f1fdb0 of 132 bytes failed: Only part of a ReadProcessMemory or WriteProcessMemory request was completed. (0x12B)
[1213/124344.988:ERROR:process_memory_win.cc(73)] ReadMemory at 0x179b5f22820 of 126 bytes failed: Only part of a ReadProcessMemory or WriteProcessMemory request was completed. (0x12B)
[1213/124344.988:ERROR:process_memory_win.cc(73)] ReadMemory at 0x179b5f23c10 of 132 bytes failed: Only part of a ReadProcessMemory or WriteProcessMemory request was completed. (0x12B)
[1213/124344.988:ERROR:process_memory_win.cc(73)] ReadMemory at 0x179b5f23f60 of 132 bytes failed: Only part of a ReadProcessMemory or WriteProcessMemory request was completed. (0x12B)
[1213/124344.988:ERROR:process_memory_win.cc(73)] ReadMemory at 0x179b5f24170 of 132 bytes failed: Only part of a ReadProcessMemory or WriteProcessMemory request was completed. (0x12B)
[1213/124344.988:ERROR:process_memory_win.cc(73)] ReadMemory at 0x179b5f243b0 of 132 bytes failed: Only part of a ReadProcessMemory or WriteProcessMemory request was completed. (0x12B)
[1213/124344.988:ERROR:process_memory_win.cc(73)] ReadMemory at 0x179b5f24720 of 132 bytes failed: Only part of a ReadProcessMemory or WriteProcessMemory request was completed. (0x12B)
[1213/124344.988:ERROR:process_memory_win.cc(73)] ReadMemory at 0x179b5f247d0 of 512 bytes failed: Only part of a ReadProcessMemory or WriteProcessMemory request was completed. (0x12B)
[1213/124344.988:ERROR:process_memory_win.cc(73)] ReadMemory at 0x179b5f24a40 of 132 bytes failed: Only part of a ReadProcessMemory or WriteProcessMemory request was completed. (0x12B)
[1213/124344.988:ERROR:process_memory_win.cc(73)] ReadMemory at 0x179b5f24d30 of 132 bytes failed: Only part of a ReadProcessMemory or WriteProcessMemory request was completed. (0x12B)
[1213/124344.989:ERROR:process_memory_win.cc(73)] ReadMemory at 0x179b5f25080 of 132 bytes failed: Only part of a ReadProcessMemory or WriteProcessMemory request was completed. (0x12B)
[1213/124344.989:ERROR:process_memory_win.cc(73)] ReadMemory at 0x179b5f253e0 of 132 bytes failed: Only part of a ReadProcessMemory or WriteProcessMemory request was completed. (0x12B)
[1213/124344.989:ERROR:process_memory_win.cc(73)] ReadMemory at 0x179b5f25510 of 132 bytes failed: Only part of a ReadProcessMemory or WriteProcessMemory request was completed. (0x12B)
[1213/124344.989:ERROR:process_memory_win.cc(73)] ReadMemory at 0x179b5f25640 of 132 bytes failed: Only part of a ReadProcessMemory or WriteProcessMemory request was completed. (0x12B)
[1213/124344.989:ERROR:process_memory_win.cc(73)] ReadMemory at 0x179b5f25770 of 132 bytes failed: Only part of a ReadProcessMemory or WriteProcessMemory request was completed. (0x12B)
[1213/124344.989:ERROR:process_memory_win.cc(73)] ReadMemory at 0x179b5f258a0 of 132 bytes failed: Only part of a ReadProcessMemory or WriteProcessMemory request was completed. (0x12B)
[1213/124344.989:ERROR:process_memory_win.cc(73)] ReadMemory at 0x179b5f259d0 of 132 bytes failed: Only part of a ReadProcessMemory or WriteProcessMemory request was completed. (0x12B)
[1213/124344.989:ERROR:process_memory_win.cc(73)] ReadMemory at 0x179b5f25b00 of 132 bytes failed: Only part of a ReadProcessMemory or WriteProcessMemory request was completed. (0x12B)
[1213/124344.989:ERROR:process_memory_win.cc(73)] ReadMemory at 0x179b5f25c30 of 132 bytes failed: Only part of a ReadProcessMemory or WriteProcessMemory request was completed. (0x12B)
[1213/124344.989:ERROR:process_memory_win.cc(73)] ReadMemory at 0x179b5f25d60 of 132 bytes failed: Only part of a ReadProcessMemory or WriteProcessMemory request was completed. (0x12B)
[1213/124344.989:ERROR:process_memory_win.cc(73)] ReadMemory at 0x179b5f25fc0 of 132 bytes failed: Only part of a ReadProcessMemory or WriteProcessMemory request was completed. (0x12B)
[1213/124344.989:ERROR:process_memory_win.cc(73)] ReadMemory at 0x179b5f26220 of 132 bytes failed: Only part of a ReadProcessMemory or WriteProcessMemory request was completed. (0x12B)
[1213/124344.989:ERROR:process_memory_win.cc(73)] ReadMemory at 0x179b5f263a0 of 120 bytes failed: Only part of a ReadProcessMemory or WriteProcessMemory request was completed. (0x12B)
[1213/124344.989:ERROR:process_memory_win.cc(73)] ReadMemory at 0x179b5f314d0 of 80 bytes failed: Only part of a ReadProcessMemory or WriteProcessMemory request was completed. (0x12B)
[1213/124344.989:ERROR:process_memory_win.cc(73)] ReadMemory at 0x179b5f365a0 of 512 bytes failed: Only part of a ReadProcessMemory or WriteProcessMemory request was completed. (0x12B)
[1213/124344.989:ERROR:process_memory_win.cc(73)] ReadMemory at 0x179b5f9c4d8 of 512 bytes failed: Only part of a ReadProcessMemory or WriteProcessMemory request was completed. (0x12B)
[1213/124344.989:ERROR:process_memory_win.cc(73)] ReadMemory at 0x179b5f9da20 of 62 bytes failed: Only part of a ReadProcessMemory or WriteProcessMemory request was completed. (0x12B)
[1213/124344.989:ERROR:process_memory_win.cc(73)] ReadMemory at 0x179b5fab900 of 512 bytes failed: Only part of a ReadProcessMemory or WriteProcessMemory request was completed. (0x12B)
[1213/124344.990:ERROR:process_memory_win.cc(73)] ReadMemory at 0x179b5fabc80 of 512 bytes failed: Only part of a ReadProcessMemory or WriteProcessMemory request was completed. (0x12B)
[1213/124344.990:ERROR:process_memory_win.cc(73)] ReadMemory at 0x179b5fae270 of 64 bytes failed: Only part of a ReadProcessMemory or WriteProcessMemory request was completed. (0x12B)
[1213/124344.990:ERROR:process_memory_win.cc(73)] ReadMemory at 0x179b5fae310 of 64 bytes failed: Only part of a ReadProcessMemory or WriteProcessMemory request was completed. (0x12B)
[1213/124344.990:ERROR:process_memory_win.cc(73)] ReadMemory at 0x179b5fae360 of 64 bytes failed: Only part of a ReadProcessMemory or WriteProcessMemory request was completed. (0x12B)
[1213/124344.990:ERROR:process_memory_win.cc(73)] ReadMemory at 0x179b5fae400 of 66 bytes failed: Only part of a ReadProcessMemory or WriteProcessMemory request was completed. (0x12B)
[1213/124344.990:ERROR:process_memory_win.cc(73)] ReadMemory at 0x179b5fae4f0 of 62 bytes failed: Only part of a ReadProcessMemory or WriteProcessMemory request was completed. (0x12B)
[1213/124344.990:ERROR:process_memory_win.cc(73)] ReadMemory at 0x179b5fae5e0 of 64 bytes failed: Only part of a ReadProcessMemory or WriteProcessMemory request was completed. (0x12B)
[1213/124344.990:ERROR:process_memory_win.cc(73)] ReadMemory at 0x179b5fae720 of 62 bytes failed: Only part of a ReadProcessMemory or WriteProcessMemory request was completed. (0x12B)
[1213/124344.990:ERROR:process_memory_win.cc(73)] ReadMemory at 0x179b5fae810 of 60 bytes failed: Only part of a ReadProcessMemory or WriteProcessMemory request was completed. (0x12B)
[1213/124344.990:ERROR:process_memory_win.cc(73)] ReadMemory at 0x179b5fae860 of 62 bytes failed: Only part of a ReadProcessMemory or WriteProcessMemory request was completed. (0x12B)
[1213/124344.990:ERROR:process_memory_win.cc(73)] ReadMemory at 0x179b5fae8b0 of 64 bytes failed: Only part of a ReadProcessMemory or WriteProcessMemory request was completed. (0x12B)
[1213/124344.990:ERROR:process_memory_win.cc(73)] ReadMemory at 0x179b5faeb30 of 62 bytes failed: Only part of a ReadProcessMemory or WriteProcessMemory request was completed. (0x12B)
[1213/124344.990:ERROR:process_memory_win.cc(73)] ReadMemory at 0x179b5faeb80 of 62 bytes failed: Only part of a ReadProcessMemory or WriteProcessMemory request was completed. (0x12B)
[1213/124344.990:ERROR:process_memory_win.cc(73)] ReadMemory at 0x179b5faecc0 of 58 bytes failed: Only part of a ReadProcessMemory or WriteProcessMemory request was completed. (0x12B)
[1213/124344.990:ERROR:process_memory_win.cc(73)] ReadMemory at 0x179b5faed10 of 64 bytes failed: Only part of a ReadProcessMemory or WriteProcessMemory request was completed. (0x12B)
[1213/124344.990:ERROR:process_memory_win.cc(73)] ReadMemory at 0x179b5faedb0 of 62 bytes failed: Only part of a ReadProcessMemory or WriteProcessMemory request was completed. (0x12B)
[1213/124344.990:ERROR:process_memory_win.cc(73)] ReadMemory at 0x179b5faee00 of 60 bytes failed: Only part of a ReadProcessMemory or WriteProcessMemory request was completed. (0x12B)
[1213/124344.990:ERROR:process_memory_win.cc(73)] ReadMemory at 0x179b5faee50 of 62 bytes failed: Only part of a ReadProcessMemory or WriteProcessMemory request was completed. (0x12B)
[1213/124344.990:ERROR:process_memory_win.cc(73)] ReadMemory at 0x179b5faeea0 of 60 bytes failed: Only part of a ReadProcessMemory or WriteProcessMemory request was completed. (0x12B)
[1213/124344.990:ERROR:process_memory_win.cc(73)] ReadMemory at 0x179b5faeef0 of 60 bytes failed: Only part of a ReadProcessMemory or WriteProcessMemory request was completed. (0x12B)
[1213/124344.991:ERROR:process_memory_win.cc(73)] ReadMemory at 0x179b5faf0d0 of 62 bytes failed: Only part of a ReadProcessMemory or WriteProcessMemory request was completed. (0x12B)
[1213/124344.991:ERROR:process_memory_win.cc(73)] ReadMemory at 0x179b5faf120 of 60 bytes failed: Only part of a ReadProcessMemory or WriteProcessMemory request was completed. (0x12B)
[1213/124344.991:ERROR:process_memory_win.cc(73)] ReadMemory at 0x179b5fb3370 of 144 bytes failed: Only part of a ReadProcessMemory or WriteProcessMemory request was completed. (0x12B)
[1213/124344.991:ERROR:process_memory_win.cc(73)] ReadMemory at 0x179b5fb4f30 of 512 bytes failed: Only part of a ReadProcessMemory or WriteProcessMemory request was completed. (0x12B)
[1213/124344.991:ERROR:process_memory_win.cc(73)] ReadMemory at 0x179b5fb68c0 of 76 bytes failed: Only part of a ReadProcessMemory or WriteProcessMemory request was completed. (0x12B)
[1213/124344.991:ERROR:process_memory_win.cc(73)] ReadMemory at 0x179b5fb6c20 of 80 bytes failed: Only part of a ReadProcessMemory or WriteProcessMemory request was completed. (0x12B)
[1213/124344.991:ERROR:process_memory_win.cc(73)] ReadMemory at 0x179b5fb7c90 of 54 bytes failed: Only part of a ReadProcessMemory or WriteProcessMemory request was completed. (0x12B)
[1213/124344.991:ERROR:process_memory_win.cc(73)] ReadMemory at 0x179b5fbc240 of 132 bytes failed: Only part of a ReadProcessMemory or WriteProcessMemory request was completed. (0x12B)
[1213/124344.991:ERROR:process_memory_win.cc(73)] ReadMemory at 0x179b5fbc370 of 132 bytes failed: Only part of a ReadProcessMemory or WriteProcessMemory request was completed. (0x12B)
[1213/124344.991:ERROR:process_memory_win.cc(73)] ReadMemory at 0x179b5fbc4a0 of 132 bytes failed: Only part of a ReadProcessMemory or WriteProcessMemory request was completed. (0x12B)
[1213/124344.991:ERROR:process_memory_win.cc(73)] ReadMemory at 0x179b5fbc5d0 of 132 bytes failed: Only part of a ReadProcessMemory or WriteProcessMemory request was completed. (0x12B)
[1213/124344.991:ERROR:process_memory_win.cc(73)] ReadMemory at 0x179b5fbc700 of 132 bytes failed: Only part of a ReadProcessMemory or WriteProcessMemory request was completed. (0x12B)
[1213/124344.991:ERROR:process_memory_win.cc(73)] ReadMemory at 0x179b5fbc830 of 132 bytes failed: Only part of a ReadProcessMemory or WriteProcessMemory request was completed. (0x12B)
[1213/124344.991:ERROR:process_memory_win.cc(73)] ReadMemory at 0x179b5fbc960 of 132 bytes failed: Only part of a ReadProcessMemory or WriteProcessMemory request was completed. (0x12B)
[1213/124344.991:ERROR:process_memory_win.cc(73)] ReadMemory at 0x179b5fbca90 of 132 bytes failed: Only part of a ReadProcessMemory or WriteProcessMemory request was completed. (0x12B)
[1213/124344.991:ERROR:process_memory_win.cc(73)] ReadMemory at 0x179b5fbcbc0 of 132 bytes failed: Only part of a ReadProcessMemory or WriteProcessMemory request was completed. (0x12B)
[1213/124344.991:ERROR:process_memory_win.cc(73)] ReadMemory at 0x179b5fbccf0 of 132 bytes failed: Only part of a ReadProcessMemory or WriteProcessMemory request was completed. (0x12B)
[1213/124344.991:ERROR:process_memory_win.cc(73)] ReadMemory at 0x179b5fbce20 of 132 bytes failed: Only part of a ReadProcessMemory or WriteProcessMemory request was completed. (0x12B)
[1213/124344.991:ERROR:process_memory_win.cc(73)] ReadMemory at 0x179b5fbcf50 of 132 bytes failed: Only part of a ReadProcessMemory or WriteProcessMemory request was completed. (0x12B)
[1213/124344.991:ERROR:process_memory_win.cc(73)] ReadMemory at 0x179b5fbd080 of 132 bytes failed: Only part of a ReadProcessMemory or WriteProcessMemory request was completed. (0x12B)
[1213/124344.992:ERROR:process_memory_win.cc(73)] ReadMemory at 0x179b5fbd1b0 of 132 bytes failed: Only part of a ReadProcessMemory or WriteProcessMemory request was completed. (0x12B)
[1213/124344.992:ERROR:process_memory_win.cc(73)] ReadMemory at 0x179b5fbd2e0 of 132 bytes failed: Only part of a ReadProcessMemory or WriteProcessMemory request was completed. (0x12B)
[1213/124344.992:ERROR:process_memory_win.cc(73)] ReadMemory at 0x179b5fbd410 of 132 bytes failed: Only part of a ReadProcessMemory or WriteProcessMemory request was completed. (0x12B)
[1213/124344.992:ERROR:process_memory_win.cc(73)] ReadMemory at 0x179b5fbd540 of 132 bytes failed: Only part of a ReadProcessMemory or WriteProcessMemory request was completed. (0x12B)
[1213/124344.992:ERROR:process_memory_win.cc(73)] ReadMemory at 0x179b5fbd670 of 132 bytes failed: Only part of a ReadProcessMemory or WriteProcessMemory request was completed. (0x12B)
[1213/124344.992:ERROR:process_memory_win.cc(73)] ReadMemory at 0x179b5fbd7a0 of 132 bytes failed: Only part of a ReadProcessMemory or WriteProcessMemory request was completed. (0x12B)
[1213/124344.992:ERROR:process_memory_win.cc(73)] ReadMemory at 0x179b5fbd8d0 of 132 bytes failed: Only part of a ReadProcessMemory or WriteProcessMemory request was completed. (0x12B)
[1213/124344.992:ERROR:process_memory_win.cc(73)] ReadMemory at 0x179b5fbda00 of 132 bytes failed: Only part of a ReadProcessMemory or WriteProcessMemory request was completed. (0x12B)
[1213/124344.992:ERROR:process_memory_win.cc(73)] ReadMemory at 0x179b5fbdb30 of 132 bytes failed: Only part of a ReadProcessMemory or WriteProcessMemory request was completed. (0x12B)
[1213/124344.992:ERROR:process_memory_win.cc(73)] ReadMemory at 0x179b5fbdd90 of 132 bytes failed: Only part of a ReadProcessMemory or WriteProcessMemory request was completed. (0x12B)
[1213/124344.992:ERROR:process_memory_win.cc(73)] ReadMemory at 0x179b5fbdec0 of 132 bytes failed: Only part of a ReadProcessMemory or WriteProcessMemory request was completed. (0x12B)
[1213/124344.992:ERROR:process_memory_win.cc(73)] ReadMemory at 0x179b5fbdff0 of 132 bytes failed: Only part of a ReadProcessMemory or WriteProcessMemory request was completed. (0x12B)
[1213/124344.992:ERROR:process_memory_win.cc(73)] ReadMemory at 0x179b5fcf230 of 78 bytes failed: Only part of a ReadProcessMemory or WriteProcessMemory request was completed. (0x12B)
[1213/124344.992:ERROR:process_memory_win.cc(73)] ReadMemory at 0x179b5fddab0 of 64 bytes failed: Only part of a ReadProcessMemory or WriteProcessMemory request was completed. (0x12B)
[1213/124344.992:ERROR:process_memory_win.cc(73)] ReadMemory at 0x179b5fddb50 of 62 bytes failed: Only part of a ReadProcessMemory or WriteProcessMemory request was completed. (0x12B)
[1213/124344.992:ERROR:process_memory_win.cc(73)] ReadMemory at 0x179b5fddba0 of 62 bytes failed: Only part of a ReadProcessMemory or WriteProcessMemory request was completed. (0x12B)
[1213/124344.992:ERROR:process_memory_win.cc(73)] ReadMemory at 0x179b5fde320 of 58 bytes failed: Only part of a ReadProcessMemory or WriteProcessMemory request was completed. (0x12B)
[1213/124344.992:ERROR:process_memory_win.cc(73)] ReadMemory at 0x179b6002ba0 of 512 bytes failed: Only part of a ReadProcessMemory or WriteProcessMemory request was completed. (0x12B)
[1213/124344.992:ERROR:process_memory_win.cc(73)] ReadMemory at 0x179b60064c0 of 512 bytes failed: Only part of a ReadProcessMemory or WriteProcessMemory request was completed. (0x12B)
[1213/124344.992:ERROR:process_memory_win.cc(73)] ReadMemory at 0x179b6010f40 of 512 bytes failed: Only part of a ReadProcessMemory or WriteProcessMemory request was completed. (0x12B)
[1213/124344.993:ERROR:process_memory_win.cc(73)] ReadMemory at 0x179b6011780 of 512 bytes failed: Only part of a ReadProcessMemory or WriteProcessMemory request was completed. (0x12B)
[1213/124344.993:ERROR:process_memory_win.cc(73)] ReadMemory at 0x179b6012500 of 512 bytes failed: Only part of a ReadProcessMemory or WriteProcessMemory request was completed. (0x12B)
[1213/124344.993:ERROR:process_memory_win.cc(73)] ReadMemory at 0x179b8aad0b0 of 712 bytes failed: Only part of a ReadProcessMemory or WriteProcessMemory request was completed. (0x12B)
[1213/124344.993:ERROR:process_memory_win.cc(73)] ReadMemory at 0x179b8acc740 of 512 bytes failed: Only part of a ReadProcessMemory or WriteProcessMemory request was completed. (0x12B)
[1213/124344.993:ERROR:process_memory_win.cc(73)] ReadMemory at 0x179b8acf8d0 of 512 bytes failed: Only part of a ReadProcessMemory or WriteProcessMemory request was completed. (0x12B)
[1213/124344.993:ERROR:process_memory_win.cc(73)] ReadMemory at 0x179b8ad1b50 of 512 bytes failed: Only part of a ReadProcessMemory or WriteProcessMemory request was completed. (0x12B)
[1213/124344.993:ERROR:process_memory_win.cc(73)] ReadMemory at 0x179b8ad2c20 of 536 bytes failed: Only part of a ReadProcessMemory or WriteProcessMemory request was completed. (0x12B)
[1213/124344.993:ERROR:process_memory_win.cc(73)] ReadMemory at 0x179b8adb1d0 of 712 bytes failed: Only part of a ReadProcessMemory or WriteProcessMemory request was completed. (0x12B)
[1213/124344.993:ERROR:process_memory_win.cc(73)] ReadMemory at 0x179b8add9e0 of 512 bytes failed: Only part of a ReadProcessMemory or WriteProcessMemory request was completed. (0x12B)
[1213/124344.993:ERROR:process_memory_win.cc(73)] ReadMemory at 0x179b8afeb12 of 512 bytes failed: Only part of a ReadProcessMemory or WriteProcessMemory request was completed. (0x12B)
[1213/124344.993:ERROR:process_memory_win.cc(73)] ReadMemory at 0x179b8b5af68 of 512 bytes failed: Only part of a ReadProcessMemory or WriteProcessMemory request was completed. (0x12B)
[1213/124344.993:ERROR:process_memory_win.cc(73)] ReadMemory at 0x179b8b6b2e0 of 512 bytes failed: Only part of a ReadProcessMemory or WriteProcessMemory request was completed. (0x12B)
[1213/124344.993:ERROR:process_memory_win.cc(73)] ReadMemory at 0x179b8ce4560 of 512 bytes failed: Only part of a ReadProcessMemory or WriteProcessMemory request was completed. (0x12B)
[1213/124344.993:ERROR:process_memory_win.cc(73)] ReadMemory at 0x179b8df3520 of 512 bytes failed: Only part of a ReadProcessMemory or WriteProcessMemory request was completed. (0x12B)
[1213/124344.993:ERROR:process_memory_win.cc(73)] ReadMemory at 0x179b9158580 of 512 bytes failed: Only part of a ReadProcessMemory or WriteProcessMemory request was completed. (0x12B)
[1213/124344.993:ERROR:process_memory_win.cc(73)] ReadMemory at 0x179b92b8a88 of 512 bytes failed: Only part of a ReadProcessMemory or WriteProcessMemory request was completed. (0x12B)
[1213/124344.993:ERROR:process_memory_win.cc(73)] ReadMemory at 0x179b93fc503 of 541 bytes failed: Only part of a ReadProcessMemory or WriteProcessMemory request was completed. (0x12B)
[1213/124344.994:ERROR:process_memory_win.cc(73)] ReadMemory at 0x179bb01f3a4 of 544 bytes failed: Only part of a ReadProcessMemory or WriteProcessMemory request was completed. (0x12B)
[1213/124344.994:ERROR:process_memory_win.cc(73)] ReadMemory at 0x7ffc7af05bed of 512 bytes failed: Only part of a ReadProcessMemory or WriteProcessMemory request was completed. (0x12B)
[1213/124344.994:ERROR:process_memory_win.cc(73)] ReadMemory at 0x7ffc7f2dfd80 of 512 bytes failed: Only part of a ReadProcessMemory or WriteProcessMemory request was completed. (0x12B)
[1213/124344.994:ERROR:process_memory_win.cc(73)] ReadMemory at 0x7ffc831e8c60 of 512 bytes failed: Only part of a ReadProcessMemory or WriteProcessMemory request was completed. (0x12B)
[1213/124344.994:ERROR:process_memory_win.cc(73)] ReadMemory at 0x7ffcf9583aa9 of 512 bytes failed: Only part of a ReadProcessMemory or WriteProcessMemory request was completed. (0x12B)
[1213/124344.994:ERROR:process_memory_win.cc(73)] ReadMemory at 0x7ffcf97ad6e0 of 512 bytes failed: Only part of a ReadProcessMemory or WriteProcessMemory request was completed. (0x12B)
[1213/124344.994:ERROR:process_memory_win.cc(73)] ReadMemory at 0x7ffcf97aef80 of 512 bytes failed: Only part of a ReadProcessMemory or WriteProcessMemory request was completed. (0x12B)
[1213/124344.994:ERROR:process_memory_win.cc(73)] ReadMemory at 0x7ffcf97b1d1c of 512 bytes failed: Only part of a ReadProcessMemory or WriteProcessMemory request was completed. (0x12B)
[1213/124344.994:ERROR:process_memory_win.cc(73)] ReadMemory at 0x7ffcfa8a1fd0 of 512 bytes failed: Only part of a ReadProcessMemory or WriteProcessMemory request was completed. (0x12B)
[1213/124344.994:ERROR:process_memory_win.cc(73)] ReadMemory at 0x7ffcfc37e2c4 of 512 bytes failed: Only part of a ReadProcessMemory or WriteProcessMemory request was completed. (0x12B)
[1213/124344.994:ERROR:process_memory_win.cc(73)] ReadMemory at 0x7ffcfc39658e of 512 bytes failed: Only part of a ReadProcessMemory or WriteProcessMemory request was completed. (0x12B)
[1213/124344.994:ERROR:process_memory_win.cc(73)] ReadMemory at 0x7ffcfc3fc6f4 of 512 bytes failed: Only part of a ReadProcessMemory or WriteProcessMemory request was completed. (0x12B)
[1213/124344.994:ERROR:process_memory_win.cc(73)] ReadMemory at 0x7ffcfc3fccf4 of 512 bytes failed: Only part of a ReadProcessMemory or WriteProcessMemory request was completed. (0x12B)
[1213/124344.994:ERROR:process_memory_win.cc(73)] ReadMemory at 0x7ffcfc3fd1c4 of 512 bytes failed: Only part of a ReadProcessMemory or WriteProcessMemory request was completed. (0x12B)
[1213/124344.994:ERROR:process_memory_win.cc(73)] ReadMemory at 0x7ffcfc3fffa4 of 608 bytes failed: Only part of a ReadProcessMemory or WriteProcessMemory request was completed. (0x12B)
[1213/124344.994:ERROR:process_memory_win.cc(73)] ReadMemory at 0x7ffcfc48c428 of 18 bytes failed: Only part of a ReadProcessMemory or WriteProcessMemory request was completed. (0x12B)
[1213/124344.994:ERROR:process_memory_win.cc(73)] ReadMemory at 0x7ffcfc4bf4f8 of 40 bytes failed: Only part of a ReadProcessMemory or WriteProcessMemory request was completed. (0x12B)
[1213/124344.995:ERROR:process_memory_win.cc(73)] ReadMemory at 0x7ffcfc4bf978 of 48 bytes failed: Only part of a ReadProcessMemory or WriteProcessMemory request was completed. (0x12B)
[1213/124344.995:ERROR:process_memory_win.cc(73)] ReadMemory at 0x7ffcfc4c53c0 of 64 bytes failed: Only part of a ReadProcessMemory or WriteProcessMemory request was completed. (0x12B)
[1213/124344.998:ERROR:scoped_process_suspend.cc(40)] NtResumeProcess: An attempt was made to access an exiting process. (0xc000010a)
[1213/125858.930:ERROR:directory_reader_win.cc(43)] FindFirstFile: The system cannot find the path specified. (0x3)
[1213/130306.756:ERROR:directory_reader_win.cc(43)] FindFirstFile: The system cannot find the path specified. (0x3)
[1213/131554.982:ERROR:process_info.cc(329)] VirtualQueryEx: Access is denied. (0x5)
[1213/131554.982:ERROR:process_info.cc(556)] ReadMemoryInfo failed
[1213/131554.982:ERROR:scoped_process_suspend.cc(40)] NtResumeProcess: An attempt was made to access an exiting process. (0xc000010a)
[1213/132430.667:ERROR:directory_reader_win.cc(43)] FindFirstFile: The system cannot find the path specified. (0x3)
[1213/132543.220:ERROR:directory_reader_win.cc(43)] FindFirstFile: The system cannot find the path specified. (0x3)
[1213/132622.278:ERROR:directory_reader_win.cc(43)] FindFirstFile: The system cannot find the path specified. (0x3)
[1213/132850.407:ERROR:directory_reader_win.cc(43)] FindFirstFile: The system cannot find the path specified. (0x3)
[1213/133127.948:ERROR:process_info.cc(329)] VirtualQueryEx: Access is denied. (0x5)
[1213/133127.948:ERROR:process_info.cc(556)] ReadMemoryInfo failed
[1213/133127.948:ERROR:process_memory_win.cc(39)] Failed to initialize ProcessInfo.
[1213/133127.949:ERROR:scoped_process_suspend.cc(40)] NtResumeProcess: An attempt was made to access an exiting process. (0xc000010a)
[1213/135851.387:ERROR:directory_reader_win.cc(43)] FindFirstFile: The system cannot find the path specified. (0x3)
[1213/141914.959:ERROR:directory_reader_win.cc(43)] FindFirstFile: The system cannot find the path specified. (0x3)
[1213/145254.663:ERROR:directory_reader_win.cc(43)] FindFirstFile: The system cannot find the path specified. (0x3)
[1213/165317.832:ERROR:directory_reader_win.cc(43)] FindFirstFile: The system cannot find the path specified. (0x3)
[1213/210927.747:ERROR:directory_reader_win.cc(43)] FindFirstFile: The system cannot find the path specified. (0x3)
